<?xml version="1.0" encoding="UTF-8"?>
<robot generator="Robot 3.0.4 (Python 3.6.6 on win32)" generated="20180807 23:29:32.339">
<suite id="s1" name="Test Webservice">
<suite id="s1-s1" name="Auth" source="C:\Users\Yulia\Desktop\QA\qa_task\auth.robot">
<test id="s1-s1-t1" name="Successful Authentication">
<kw name="Authentication With Valid Credentials">
<doc>Проверка при правильных данных</doc>
<arguments>
<arg>${USERNAME}</arg>
<arg>${PASSWORD}</arg>
</arguments>
<msg timestamp="20180807 23:29:32.435" level="TRACE">Arguments: [ ${login}='user1' | ${passwd}='passwd1' ]</msg>
<kw name="Basic Auth" library="test_lib">
<doc>"Authentication with Basic-Auth. Returns status code.</doc>
<arguments>
<arg>${login}</arg>
<arg>${passwd}</arg>
<arg>${login}</arg>
<arg>${passwd}</arg>
</arguments>
<assign>
<var>${status}</var>
</assign>
<msg timestamp="20180807 23:29:32.436" level="TRACE">Arguments: [ 'user1' | 'passwd1' | 'user1' | 'passwd1' ]</msg>
<msg timestamp="20180807 23:29:32.437" level="DEBUG">Starting new HTTP connection (1): httpbin.org:80</msg>
<msg timestamp="20180807 23:29:32.770" level="DEBUG">http://httpbin.org:80 "GET /basic-auth/user1/passwd1 HTTP/1.1" 200 48</msg>
<msg timestamp="20180807 23:29:32.771" level="TRACE">Status code: &lt;urllib3.response.HTTPResponse object at 0x000001BEF35D1F98&gt;</msg>
<msg timestamp="20180807 23:29:32.771" level="DEBUG">Headers:
{'Connection': 'keep-alive', 'Server': 'gunicorn/19.9.0', 'Date': 'Tue, 07 Aug 2018 20:29:32 GMT', 'Content-Type': 'application/json', 'Content-Length': '48', 'Access-Control-Allow-Origin': '*', 'Access-Control-Allow-Credentials': 'true', 'Via': '1.1 vegur'}</msg>
<msg timestamp="20180807 23:29:32.771" level="INFO">Response body:
{
  "authenticated": true, 
  "user": "user1"
}
</msg>
<msg timestamp="20180807 23:29:32.771" level="TRACE">Return: 200</msg>
<msg timestamp="20180807 23:29:32.771" level="INFO">${status} = 200</msg>
<status status="PASS" starttime="20180807 23:29:32.435" endtime="20180807 23:29:32.771"></status>
</kw>
<kw name="Should Be Equal As Integers" library="BuiltIn">
<doc>Fails if objects are unequal after converting them to integers.</doc>
<arguments>
<arg>${status}</arg>
<arg>${OK}</arg>
</arguments>
<msg timestamp="20180807 23:29:32.771" level="TRACE">Arguments: [ 200 | '200' ]</msg>
<msg timestamp="20180807 23:29:32.771" level="INFO">Argument types are:
&lt;class 'int'&gt;
&lt;type 'unicode'&gt;</msg>
<msg timestamp="20180807 23:29:32.772" level="TRACE">Return: None</msg>
<status status="PASS" starttime="20180807 23:29:32.771" endtime="20180807 23:29:32.772"></status>
</kw>
<msg timestamp="20180807 23:29:32.772" level="TRACE">Return: None</msg>
<status status="PASS" starttime="20180807 23:29:32.435" endtime="20180807 23:29:32.772"></status>
</kw>
<kw name="Authentication With Valid Credentials">
<doc>Проверка при правильных данных</doc>
<arguments>
<arg>${USERNAME_OTHER}</arg>
<arg>${PASSWORD_OTHER}</arg>
</arguments>
<msg timestamp="20180807 23:29:32.772" level="TRACE">Arguments: [ ${login}='user2' | ${passwd}='passwd2' ]</msg>
<kw name="Basic Auth" library="test_lib">
<doc>"Authentication with Basic-Auth. Returns status code.</doc>
<arguments>
<arg>${login}</arg>
<arg>${passwd}</arg>
<arg>${login}</arg>
<arg>${passwd}</arg>
</arguments>
<assign>
<var>${status}</var>
</assign>
<msg timestamp="20180807 23:29:32.772" level="TRACE">Arguments: [ 'user2' | 'passwd2' | 'user2' | 'passwd2' ]</msg>
<msg timestamp="20180807 23:29:32.773" level="DEBUG">Starting new HTTP connection (1): httpbin.org:80</msg>
<msg timestamp="20180807 23:29:33.084" level="DEBUG">http://httpbin.org:80 "GET /basic-auth/user2/passwd2 HTTP/1.1" 200 48</msg>
<msg timestamp="20180807 23:29:33.084" level="TRACE">Status code: &lt;urllib3.response.HTTPResponse object at 0x000001BEF35EE080&gt;</msg>
<msg timestamp="20180807 23:29:33.084" level="DEBUG">Headers:
{'Connection': 'keep-alive', 'Server': 'gunicorn/19.9.0', 'Date': 'Tue, 07 Aug 2018 20:29:33 GMT', 'Content-Type': 'application/json', 'Content-Length': '48', 'Access-Control-Allow-Origin': '*', 'Access-Control-Allow-Credentials': 'true', 'Via': '1.1 vegur'}</msg>
<msg timestamp="20180807 23:29:33.084" level="INFO">Response body:
{
  "authenticated": true, 
  "user": "user2"
}
</msg>
<msg timestamp="20180807 23:29:33.084" level="TRACE">Return: 200</msg>
<msg timestamp="20180807 23:29:33.085" level="INFO">${status} = 200</msg>
<status status="PASS" starttime="20180807 23:29:32.772" endtime="20180807 23:29:33.085"></status>
</kw>
<kw name="Should Be Equal As Integers" library="BuiltIn">
<doc>Fails if objects are unequal after converting them to integers.</doc>
<arguments>
<arg>${status}</arg>
<arg>${OK}</arg>
</arguments>
<msg timestamp="20180807 23:29:33.085" level="TRACE">Arguments: [ 200 | '200' ]</msg>
<msg timestamp="20180807 23:29:33.085" level="INFO">Argument types are:
&lt;class 'int'&gt;
&lt;type 'unicode'&gt;</msg>
<msg timestamp="20180807 23:29:33.085" level="TRACE">Return: None</msg>
<status status="PASS" starttime="20180807 23:29:33.085" endtime="20180807 23:29:33.085"></status>
</kw>
<msg timestamp="20180807 23:29:33.085" level="TRACE">Return: None</msg>
<status status="PASS" starttime="20180807 23:29:32.772" endtime="20180807 23:29:33.085"></status>
</kw>
<status status="PASS" starttime="20180807 23:29:32.434" endtime="20180807 23:29:33.085" critical="yes"></status>
</test>
<test id="s1-s1-t2" name="Failed Authentication">
<kw name="Authentication With Invalid Credentials">
<doc>Проверка при неправильных или недостаточных данных</doc>
<arguments>
<arg>${USERNAME}</arg>
<arg>${PASSWORD}</arg>
<arg>${USERNAME_OTHER}</arg>
<arg>${PASSWORD_OTHER}</arg>
</arguments>
<msg timestamp="20180807 23:29:33.086" level="TRACE">Arguments: [ ${base_login}='user1' | ${base_passwd}='passwd1' | ${login}='user2' | ${passwd}='passwd2' ]</msg>
<kw name="Basic Auth" library="test_lib">
<doc>"Authentication with Basic-Auth. Returns status code.</doc>
<arguments>
<arg>${base_login}</arg>
<arg>${base_passwd}</arg>
<arg>${login}</arg>
<arg>${passwd}</arg>
</arguments>
<assign>
<var>${status}</var>
</assign>
<msg timestamp="20180807 23:29:33.087" level="TRACE">Arguments: [ 'user1' | 'passwd1' | 'user2' | 'passwd2' ]</msg>
<msg timestamp="20180807 23:29:33.088" level="DEBUG">Starting new HTTP connection (1): httpbin.org:80</msg>
<msg timestamp="20180807 23:29:33.416" level="DEBUG">http://httpbin.org:80 "GET /basic-auth/user1/passwd1 HTTP/1.1" 401 0</msg>
<msg timestamp="20180807 23:29:33.417" level="TRACE">Status code: &lt;urllib3.response.HTTPResponse object at 0x000001BEF36731D0&gt;</msg>
<msg timestamp="20180807 23:29:33.417" level="DEBUG">Headers:
{'Connection': 'keep-alive', 'Server': 'gunicorn/19.9.0', 'Date': 'Tue, 07 Aug 2018 20:29:33 GMT', 'Www-Authenticate': 'Basic realm="Fake Realm"', 'Access-Control-Allow-Origin': '*', 'Access-Control-Allow-Credentials': 'true', 'Content-Length': '0', 'Via': '1.1 vegur'}</msg>
<msg timestamp="20180807 23:29:33.417" level="INFO">Response body:
</msg>
<msg timestamp="20180807 23:29:33.417" level="TRACE">Return: 401</msg>
<msg timestamp="20180807 23:29:33.417" level="INFO">${status} = 401</msg>
<status status="PASS" starttime="20180807 23:29:33.086" endtime="20180807 23:29:33.417"></status>
</kw>
<kw name="Should Not Be Equal As Integers" library="BuiltIn">
<doc>Fails if objects are equal after converting them to integers.</doc>
<arguments>
<arg>${status}</arg>
<arg>${OK}</arg>
</arguments>
<msg timestamp="20180807 23:29:33.417" level="TRACE">Arguments: [ 401 | '200' ]</msg>
<msg timestamp="20180807 23:29:33.417" level="INFO">Argument types are:
&lt;class 'int'&gt;
&lt;type 'unicode'&gt;</msg>
<msg timestamp="20180807 23:29:33.417" level="TRACE">Return: None</msg>
<status status="PASS" starttime="20180807 23:29:33.417" endtime="20180807 23:29:33.417"></status>
</kw>
<msg timestamp="20180807 23:29:33.418" level="TRACE">Return: None</msg>
<status status="PASS" starttime="20180807 23:29:33.086" endtime="20180807 23:29:33.418"></status>
</kw>
<kw name="Authentication With Invalid Credentials">
<doc>Проверка при неправильных или недостаточных данных</doc>
<arguments>
<arg>${USERNAME}</arg>
<arg>${PASSWORD}</arg>
<arg>${USERNAME}</arg>
<arg>${PASSWORD_OTHER}</arg>
</arguments>
<msg timestamp="20180807 23:29:33.418" level="TRACE">Arguments: [ ${base_login}='user1' | ${base_passwd}='passwd1' | ${login}='user1' | ${passwd}='passwd2' ]</msg>
<kw name="Basic Auth" library="test_lib">
<doc>"Authentication with Basic-Auth. Returns status code.</doc>
<arguments>
<arg>${base_login}</arg>
<arg>${base_passwd}</arg>
<arg>${login}</arg>
<arg>${passwd}</arg>
</arguments>
<assign>
<var>${status}</var>
</assign>
<msg timestamp="20180807 23:29:33.419" level="TRACE">Arguments: [ 'user1' | 'passwd1' | 'user1' | 'passwd2' ]</msg>
<msg timestamp="20180807 23:29:33.420" level="DEBUG">Starting new HTTP connection (1): httpbin.org:80</msg>
<msg timestamp="20180807 23:29:33.734" level="DEBUG">http://httpbin.org:80 "GET /basic-auth/user1/passwd1 HTTP/1.1" 401 0</msg>
<msg timestamp="20180807 23:29:33.734" level="TRACE">Status code: &lt;urllib3.response.HTTPResponse object at 0x000001BEF35EE048&gt;</msg>
<msg timestamp="20180807 23:29:33.734" level="DEBUG">Headers:
{'Connection': 'keep-alive', 'Server': 'gunicorn/19.9.0', 'Date': 'Tue, 07 Aug 2018 20:29:33 GMT', 'Www-Authenticate': 'Basic realm="Fake Realm"', 'Access-Control-Allow-Origin': '*', 'Access-Control-Allow-Credentials': 'true', 'Content-Length': '0', 'Via': '1.1 vegur'}</msg>
<msg timestamp="20180807 23:29:33.734" level="INFO">Response body:
</msg>
<msg timestamp="20180807 23:29:33.734" level="TRACE">Return: 401</msg>
<msg timestamp="20180807 23:29:33.734" level="INFO">${status} = 401</msg>
<status status="PASS" starttime="20180807 23:29:33.418" endtime="20180807 23:29:33.734"></status>
</kw>
<kw name="Should Not Be Equal As Integers" library="BuiltIn">
<doc>Fails if objects are equal after converting them to integers.</doc>
<arguments>
<arg>${status}</arg>
<arg>${OK}</arg>
</arguments>
<msg timestamp="20180807 23:29:33.735" level="TRACE">Arguments: [ 401 | '200' ]</msg>
<msg timestamp="20180807 23:29:33.735" level="INFO">Argument types are:
&lt;class 'int'&gt;
&lt;type 'unicode'&gt;</msg>
<msg timestamp="20180807 23:29:33.735" level="TRACE">Return: None</msg>
<status status="PASS" starttime="20180807 23:29:33.735" endtime="20180807 23:29:33.735"></status>
</kw>
<msg timestamp="20180807 23:29:33.735" level="TRACE">Return: None</msg>
<status status="PASS" starttime="20180807 23:29:33.418" endtime="20180807 23:29:33.735"></status>
</kw>
<kw name="Authentication With Invalid Credentials">
<doc>Проверка при неправильных или недостаточных данных</doc>
<arguments>
<arg>${USERNAME}</arg>
<arg>${PASSWORD}</arg>
<arg>${USERNAME_OTHER}</arg>
<arg>${PASSWORD}</arg>
</arguments>
<msg timestamp="20180807 23:29:33.736" level="TRACE">Arguments: [ ${base_login}='user1' | ${base_passwd}='passwd1' | ${login}='user2' | ${passwd}='passwd1' ]</msg>
<kw name="Basic Auth" library="test_lib">
<doc>"Authentication with Basic-Auth. Returns status code.</doc>
<arguments>
<arg>${base_login}</arg>
<arg>${base_passwd}</arg>
<arg>${login}</arg>
<arg>${passwd}</arg>
</arguments>
<assign>
<var>${status}</var>
</assign>
<msg timestamp="20180807 23:29:33.736" level="TRACE">Arguments: [ 'user1' | 'passwd1' | 'user2' | 'passwd1' ]</msg>
<msg timestamp="20180807 23:29:33.737" level="DEBUG">Starting new HTTP connection (1): httpbin.org:80</msg>
<msg timestamp="20180807 23:29:34.065" level="DEBUG">http://httpbin.org:80 "GET /basic-auth/user1/passwd1 HTTP/1.1" 401 0</msg>
<msg timestamp="20180807 23:29:34.066" level="TRACE">Status code: &lt;urllib3.response.HTTPResponse object at 0x000001BEF35DB080&gt;</msg>
<msg timestamp="20180807 23:29:34.066" level="DEBUG">Headers:
{'Connection': 'keep-alive', 'Server': 'gunicorn/19.9.0', 'Date': 'Tue, 07 Aug 2018 20:29:34 GMT', 'Www-Authenticate': 'Basic realm="Fake Realm"', 'Access-Control-Allow-Origin': '*', 'Access-Control-Allow-Credentials': 'true', 'Content-Length': '0', 'Via': '1.1 vegur'}</msg>
<msg timestamp="20180807 23:29:34.066" level="INFO">Response body:
</msg>
<msg timestamp="20180807 23:29:34.066" level="TRACE">Return: 401</msg>
<msg timestamp="20180807 23:29:34.066" level="INFO">${status} = 401</msg>
<status status="PASS" starttime="20180807 23:29:33.736" endtime="20180807 23:29:34.066"></status>
</kw>
<kw name="Should Not Be Equal As Integers" library="BuiltIn">
<doc>Fails if objects are equal after converting them to integers.</doc>
<arguments>
<arg>${status}</arg>
<arg>${OK}</arg>
</arguments>
<msg timestamp="20180807 23:29:34.067" level="TRACE">Arguments: [ 401 | '200' ]</msg>
<msg timestamp="20180807 23:29:34.067" level="INFO">Argument types are:
&lt;class 'int'&gt;
&lt;type 'unicode'&gt;</msg>
<msg timestamp="20180807 23:29:34.067" level="TRACE">Return: None</msg>
<status status="PASS" starttime="20180807 23:29:34.066" endtime="20180807 23:29:34.067"></status>
</kw>
<msg timestamp="20180807 23:29:34.067" level="TRACE">Return: None</msg>
<status status="PASS" starttime="20180807 23:29:33.735" endtime="20180807 23:29:34.067"></status>
</kw>
<kw name="Authentication With Invalid Credentials">
<doc>Проверка при неправильных или недостаточных данных</doc>
<arguments>
<arg>${EMPTY}</arg>
<arg>${EMPTY}</arg>
<arg>${USERNAME}</arg>
<arg>${PASSWORD}</arg>
</arguments>
<msg timestamp="20180807 23:29:34.067" level="TRACE">Arguments: [ ${base_login}='' | ${base_passwd}='' | ${login}='user1' | ${passwd}='passwd1' ]</msg>
<kw name="Basic Auth" library="test_lib">
<doc>"Authentication with Basic-Auth. Returns status code.</doc>
<arguments>
<arg>${base_login}</arg>
<arg>${base_passwd}</arg>
<arg>${login}</arg>
<arg>${passwd}</arg>
</arguments>
<assign>
<var>${status}</var>
</assign>
<msg timestamp="20180807 23:29:34.068" level="TRACE">Arguments: [ '' | '' | 'user1' | 'passwd1' ]</msg>
<msg timestamp="20180807 23:29:34.069" level="DEBUG">Starting new HTTP connection (1): httpbin.org:80</msg>
<msg timestamp="20180807 23:29:34.398" level="DEBUG">http://httpbin.org:80 "GET /basic-auth// HTTP/1.1" 404 233</msg>
<msg timestamp="20180807 23:29:34.399" level="TRACE">Status code: &lt;urllib3.response.HTTPResponse object at 0x000001BEF36736D8&gt;</msg>
<msg timestamp="20180807 23:29:34.399" level="DEBUG">Headers:
{'Connection': 'keep-alive', 'Server': 'gunicorn/19.9.0', 'Date': 'Tue, 07 Aug 2018 20:29:34 GMT', 'Content-Type': 'text/html', 'Content-Length': '233', 'Access-Control-Allow-Origin': '*', 'Access-Control-Allow-Credentials': 'true', 'Via': '1.1 vegur'}</msg>
<msg timestamp="20180807 23:29:34.399" level="INFO">Response body:
&lt;!DOCTYPE HTML PUBLIC "-//W3C//DTD HTML 3.2 Final//EN"&gt;
&lt;title&gt;404 Not Found&lt;/title&gt;
&lt;h1&gt;Not Found&lt;/h1&gt;
&lt;p&gt;The requested URL was not found on the server.  If you entered the URL manually please check your spelling and try again.&lt;/p&gt;
</msg>
<msg timestamp="20180807 23:29:34.399" level="TRACE">Return: 404</msg>
<msg timestamp="20180807 23:29:34.399" level="INFO">${status} = 404</msg>
<status status="PASS" starttime="20180807 23:29:34.068" endtime="20180807 23:29:34.399"></status>
</kw>
<kw name="Should Not Be Equal As Integers" library="BuiltIn">
<doc>Fails if objects are equal after converting them to integers.</doc>
<arguments>
<arg>${status}</arg>
<arg>${OK}</arg>
</arguments>
<msg timestamp="20180807 23:29:34.399" level="TRACE">Arguments: [ 404 | '200' ]</msg>
<msg timestamp="20180807 23:29:34.400" level="INFO">Argument types are:
&lt;class 'int'&gt;
&lt;type 'unicode'&gt;</msg>
<msg timestamp="20180807 23:29:34.400" level="TRACE">Return: None</msg>
<status status="PASS" starttime="20180807 23:29:34.399" endtime="20180807 23:29:34.400"></status>
</kw>
<msg timestamp="20180807 23:29:34.400" level="TRACE">Return: None</msg>
<status status="PASS" starttime="20180807 23:29:34.067" endtime="20180807 23:29:34.400"></status>
</kw>
<kw name="Authentication With Invalid Credentials">
<doc>Проверка при неправильных или недостаточных данных</doc>
<arguments>
<arg>${EMPTY}</arg>
<arg>${PASSWORD}</arg>
<arg>${USERNAME}</arg>
<arg>${PASSWORD}</arg>
</arguments>
<msg timestamp="20180807 23:29:34.400" level="TRACE">Arguments: [ ${base_login}='' | ${base_passwd}='passwd1' | ${login}='user1' | ${passwd}='passwd1' ]</msg>
<kw name="Basic Auth" library="test_lib">
<doc>"Authentication with Basic-Auth. Returns status code.</doc>
<arguments>
<arg>${base_login}</arg>
<arg>${base_passwd}</arg>
<arg>${login}</arg>
<arg>${passwd}</arg>
</arguments>
<assign>
<var>${status}</var>
</assign>
<msg timestamp="20180807 23:29:34.401" level="TRACE">Arguments: [ '' | 'passwd1' | 'user1' | 'passwd1' ]</msg>
<msg timestamp="20180807 23:29:34.402" level="DEBUG">Starting new HTTP connection (1): httpbin.org:80</msg>
<msg timestamp="20180807 23:29:34.739" level="DEBUG">http://httpbin.org:80 "GET /basic-auth//passwd1 HTTP/1.1" 404 233</msg>
<msg timestamp="20180807 23:29:34.740" level="TRACE">Status code: &lt;urllib3.response.HTTPResponse object at 0x000001BEF3673E80&gt;</msg>
<msg timestamp="20180807 23:29:34.740" level="DEBUG">Headers:
{'Connection': 'keep-alive', 'Server': 'gunicorn/19.9.0', 'Date': 'Tue, 07 Aug 2018 20:29:34 GMT', 'Content-Type': 'text/html', 'Content-Length': '233', 'Access-Control-Allow-Origin': '*', 'Access-Control-Allow-Credentials': 'true', 'Via': '1.1 vegur'}</msg>
<msg timestamp="20180807 23:29:34.740" level="INFO">Response body:
&lt;!DOCTYPE HTML PUBLIC "-//W3C//DTD HTML 3.2 Final//EN"&gt;
&lt;title&gt;404 Not Found&lt;/title&gt;
&lt;h1&gt;Not Found&lt;/h1&gt;
&lt;p&gt;The requested URL was not found on the server.  If you entered the URL manually please check your spelling and try again.&lt;/p&gt;
</msg>
<msg timestamp="20180807 23:29:34.740" level="TRACE">Return: 404</msg>
<msg timestamp="20180807 23:29:34.740" level="INFO">${status} = 404</msg>
<status status="PASS" starttime="20180807 23:29:34.401" endtime="20180807 23:29:34.740"></status>
</kw>
<kw name="Should Not Be Equal As Integers" library="BuiltIn">
<doc>Fails if objects are equal after converting them to integers.</doc>
<arguments>
<arg>${status}</arg>
<arg>${OK}</arg>
</arguments>
<msg timestamp="20180807 23:29:34.741" level="TRACE">Arguments: [ 404 | '200' ]</msg>
<msg timestamp="20180807 23:29:34.741" level="INFO">Argument types are:
&lt;class 'int'&gt;
&lt;type 'unicode'&gt;</msg>
<msg timestamp="20180807 23:29:34.741" level="TRACE">Return: None</msg>
<status status="PASS" starttime="20180807 23:29:34.740" endtime="20180807 23:29:34.741"></status>
</kw>
<msg timestamp="20180807 23:29:34.741" level="TRACE">Return: None</msg>
<status status="PASS" starttime="20180807 23:29:34.400" endtime="20180807 23:29:34.741"></status>
</kw>
<kw name="Authentication With Invalid Credentials">
<doc>Проверка при неправильных или недостаточных данных</doc>
<arguments>
<arg>${USERNAME}</arg>
<arg>${EMPTY}</arg>
<arg>${USERNAME}</arg>
<arg>${PASSWORD}</arg>
</arguments>
<msg timestamp="20180807 23:29:34.741" level="TRACE">Arguments: [ ${base_login}='user1' | ${base_passwd}='' | ${login}='user1' | ${passwd}='passwd1' ]</msg>
<kw name="Basic Auth" library="test_lib">
<doc>"Authentication with Basic-Auth. Returns status code.</doc>
<arguments>
<arg>${base_login}</arg>
<arg>${base_passwd}</arg>
<arg>${login}</arg>
<arg>${passwd}</arg>
</arguments>
<assign>
<var>${status}</var>
</assign>
<msg timestamp="20180807 23:29:34.742" level="TRACE">Arguments: [ 'user1' | '' | 'user1' | 'passwd1' ]</msg>
<msg timestamp="20180807 23:29:34.743" level="DEBUG">Starting new HTTP connection (1): httpbin.org:80</msg>
<msg timestamp="20180807 23:29:35.071" level="DEBUG">http://httpbin.org:80 "GET /basic-auth/user1/ HTTP/1.1" 404 233</msg>
<msg timestamp="20180807 23:29:35.072" level="TRACE">Status code: &lt;urllib3.response.HTTPResponse object at 0x000001BEF367E748&gt;</msg>
<msg timestamp="20180807 23:29:35.072" level="DEBUG">Headers:
{'Connection': 'keep-alive', 'Server': 'gunicorn/19.9.0', 'Date': 'Tue, 07 Aug 2018 20:29:35 GMT', 'Content-Type': 'text/html', 'Content-Length': '233', 'Access-Control-Allow-Origin': '*', 'Access-Control-Allow-Credentials': 'true', 'Via': '1.1 vegur'}</msg>
<msg timestamp="20180807 23:29:35.072" level="INFO">Response body:
&lt;!DOCTYPE HTML PUBLIC "-//W3C//DTD HTML 3.2 Final//EN"&gt;
&lt;title&gt;404 Not Found&lt;/title&gt;
&lt;h1&gt;Not Found&lt;/h1&gt;
&lt;p&gt;The requested URL was not found on the server.  If you entered the URL manually please check your spelling and try again.&lt;/p&gt;
</msg>
<msg timestamp="20180807 23:29:35.072" level="TRACE">Return: 404</msg>
<msg timestamp="20180807 23:29:35.072" level="INFO">${status} = 404</msg>
<status status="PASS" starttime="20180807 23:29:34.742" endtime="20180807 23:29:35.072"></status>
</kw>
<kw name="Should Not Be Equal As Integers" library="BuiltIn">
<doc>Fails if objects are equal after converting them to integers.</doc>
<arguments>
<arg>${status}</arg>
<arg>${OK}</arg>
</arguments>
<msg timestamp="20180807 23:29:35.073" level="TRACE">Arguments: [ 404 | '200' ]</msg>
<msg timestamp="20180807 23:29:35.073" level="INFO">Argument types are:
&lt;class 'int'&gt;
&lt;type 'unicode'&gt;</msg>
<msg timestamp="20180807 23:29:35.073" level="TRACE">Return: None</msg>
<status status="PASS" starttime="20180807 23:29:35.073" endtime="20180807 23:29:35.073"></status>
</kw>
<msg timestamp="20180807 23:29:35.073" level="TRACE">Return: None</msg>
<status status="PASS" starttime="20180807 23:29:34.741" endtime="20180807 23:29:35.073"></status>
</kw>
<kw name="Authentication With Invalid Credentials">
<doc>Проверка при неправильных или недостаточных данных</doc>
<arguments>
<arg>${USERNAME}</arg>
<arg>${PASSWORD}</arg>
<arg>${EMPTY}</arg>
<arg>${EMPTY}</arg>
</arguments>
<msg timestamp="20180807 23:29:35.074" level="TRACE">Arguments: [ ${base_login}='user1' | ${base_passwd}='passwd1' | ${login}='' | ${passwd}='' ]</msg>
<kw name="Basic Auth" library="test_lib">
<doc>"Authentication with Basic-Auth. Returns status code.</doc>
<arguments>
<arg>${base_login}</arg>
<arg>${base_passwd}</arg>
<arg>${login}</arg>
<arg>${passwd}</arg>
</arguments>
<assign>
<var>${status}</var>
</assign>
<msg timestamp="20180807 23:29:35.074" level="TRACE">Arguments: [ 'user1' | 'passwd1' | '' | '' ]</msg>
<msg timestamp="20180807 23:29:35.075" level="DEBUG">Starting new HTTP connection (1): httpbin.org:80</msg>
<msg timestamp="20180807 23:29:35.385" level="DEBUG">http://httpbin.org:80 "GET /basic-auth/user1/passwd1 HTTP/1.1" 401 0</msg>
<msg timestamp="20180807 23:29:35.386" level="TRACE">Status code: &lt;urllib3.response.HTTPResponse object at 0x000001BEF3685048&gt;</msg>
<msg timestamp="20180807 23:29:35.386" level="DEBUG">Headers:
{'Connection': 'keep-alive', 'Server': 'gunicorn/19.9.0', 'Date': 'Tue, 07 Aug 2018 20:29:35 GMT', 'Www-Authenticate': 'Basic realm="Fake Realm"', 'Access-Control-Allow-Origin': '*', 'Access-Control-Allow-Credentials': 'true', 'Content-Length': '0', 'Via': '1.1 vegur'}</msg>
<msg timestamp="20180807 23:29:35.386" level="INFO">Response body:
</msg>
<msg timestamp="20180807 23:29:35.386" level="TRACE">Return: 401</msg>
<msg timestamp="20180807 23:29:35.386" level="INFO">${status} = 401</msg>
<status status="PASS" starttime="20180807 23:29:35.074" endtime="20180807 23:29:35.386"></status>
</kw>
<kw name="Should Not Be Equal As Integers" library="BuiltIn">
<doc>Fails if objects are equal after converting them to integers.</doc>
<arguments>
<arg>${status}</arg>
<arg>${OK}</arg>
</arguments>
<msg timestamp="20180807 23:29:35.386" level="TRACE">Arguments: [ 401 | '200' ]</msg>
<msg timestamp="20180807 23:29:35.386" level="INFO">Argument types are:
&lt;class 'int'&gt;
&lt;type 'unicode'&gt;</msg>
<msg timestamp="20180807 23:29:35.386" level="TRACE">Return: None</msg>
<status status="PASS" starttime="20180807 23:29:35.386" endtime="20180807 23:29:35.386"></status>
</kw>
<msg timestamp="20180807 23:29:35.387" level="TRACE">Return: None</msg>
<status status="PASS" starttime="20180807 23:29:35.073" endtime="20180807 23:29:35.387"></status>
</kw>
<kw name="Authentication With Invalid Credentials">
<doc>Проверка при неправильных или недостаточных данных</doc>
<arguments>
<arg>${USERNAME}</arg>
<arg>${PASSWORD}</arg>
<arg>${EMPTY}</arg>
<arg>${PASSWORD}</arg>
</arguments>
<msg timestamp="20180807 23:29:35.387" level="TRACE">Arguments: [ ${base_login}='user1' | ${base_passwd}='passwd1' | ${login}='' | ${passwd}='passwd1' ]</msg>
<kw name="Basic Auth" library="test_lib">
<doc>"Authentication with Basic-Auth. Returns status code.</doc>
<arguments>
<arg>${base_login}</arg>
<arg>${base_passwd}</arg>
<arg>${login}</arg>
<arg>${passwd}</arg>
</arguments>
<assign>
<var>${status}</var>
</assign>
<msg timestamp="20180807 23:29:35.388" level="TRACE">Arguments: [ 'user1' | 'passwd1' | '' | 'passwd1' ]</msg>
<msg timestamp="20180807 23:29:35.389" level="DEBUG">Starting new HTTP connection (1): httpbin.org:80</msg>
<msg timestamp="20180807 23:29:35.741" level="DEBUG">http://httpbin.org:80 "GET /basic-auth/user1/passwd1 HTTP/1.1" 401 0</msg>
<msg timestamp="20180807 23:29:35.742" level="TRACE">Status code: &lt;urllib3.response.HTTPResponse object at 0x000001BEF367E7B8&gt;</msg>
<msg timestamp="20180807 23:29:35.742" level="DEBUG">Headers:
{'Connection': 'keep-alive', 'Server': 'gunicorn/19.9.0', 'Date': 'Tue, 07 Aug 2018 20:29:35 GMT', 'Www-Authenticate': 'Basic realm="Fake Realm"', 'Access-Control-Allow-Origin': '*', 'Access-Control-Allow-Credentials': 'true', 'Content-Length': '0', 'Via': '1.1 vegur'}</msg>
<msg timestamp="20180807 23:29:35.742" level="INFO">Response body:
</msg>
<msg timestamp="20180807 23:29:35.742" level="TRACE">Return: 401</msg>
<msg timestamp="20180807 23:29:35.742" level="INFO">${status} = 401</msg>
<status status="PASS" starttime="20180807 23:29:35.387" endtime="20180807 23:29:35.742"></status>
</kw>
<kw name="Should Not Be Equal As Integers" library="BuiltIn">
<doc>Fails if objects are equal after converting them to integers.</doc>
<arguments>
<arg>${status}</arg>
<arg>${OK}</arg>
</arguments>
<msg timestamp="20180807 23:29:35.743" level="TRACE">Arguments: [ 401 | '200' ]</msg>
<msg timestamp="20180807 23:29:35.743" level="INFO">Argument types are:
&lt;class 'int'&gt;
&lt;type 'unicode'&gt;</msg>
<msg timestamp="20180807 23:29:35.743" level="TRACE">Return: None</msg>
<status status="PASS" starttime="20180807 23:29:35.743" endtime="20180807 23:29:35.743"></status>
</kw>
<msg timestamp="20180807 23:29:35.744" level="TRACE">Return: None</msg>
<status status="PASS" starttime="20180807 23:29:35.387" endtime="20180807 23:29:35.744"></status>
</kw>
<kw name="Authentication With Invalid Credentials">
<doc>Проверка при неправильных или недостаточных данных</doc>
<arguments>
<arg>${USERNAME}</arg>
<arg>${PASSWORD}</arg>
<arg>${USERNAME}</arg>
<arg>${EMPTY}</arg>
</arguments>
<msg timestamp="20180807 23:29:35.745" level="TRACE">Arguments: [ ${base_login}='user1' | ${base_passwd}='passwd1' | ${login}='user1' | ${passwd}='' ]</msg>
<kw name="Basic Auth" library="test_lib">
<doc>"Authentication with Basic-Auth. Returns status code.</doc>
<arguments>
<arg>${base_login}</arg>
<arg>${base_passwd}</arg>
<arg>${login}</arg>
<arg>${passwd}</arg>
</arguments>
<assign>
<var>${status}</var>
</assign>
<msg timestamp="20180807 23:29:35.745" level="TRACE">Arguments: [ 'user1' | 'passwd1' | 'user1' | '' ]</msg>
<msg timestamp="20180807 23:29:35.747" level="DEBUG">Starting new HTTP connection (1): httpbin.org:80</msg>
<msg timestamp="20180807 23:29:36.086" level="DEBUG">http://httpbin.org:80 "GET /basic-auth/user1/passwd1 HTTP/1.1" 401 0</msg>
<msg timestamp="20180807 23:29:36.086" level="TRACE">Status code: &lt;urllib3.response.HTTPResponse object at 0x000001BEF3673E48&gt;</msg>
<msg timestamp="20180807 23:29:36.086" level="DEBUG">Headers:
{'Connection': 'keep-alive', 'Server': 'gunicorn/19.9.0', 'Date': 'Tue, 07 Aug 2018 20:29:36 GMT', 'Www-Authenticate': 'Basic realm="Fake Realm"', 'Access-Control-Allow-Origin': '*', 'Access-Control-Allow-Credentials': 'true', 'Content-Length': '0', 'Via': '1.1 vegur'}</msg>
<msg timestamp="20180807 23:29:36.086" level="INFO">Response body:
</msg>
<msg timestamp="20180807 23:29:36.086" level="TRACE">Return: 401</msg>
<msg timestamp="20180807 23:29:36.087" level="INFO">${status} = 401</msg>
<status status="PASS" starttime="20180807 23:29:35.745" endtime="20180807 23:29:36.087"></status>
</kw>
<kw name="Should Not Be Equal As Integers" library="BuiltIn">
<doc>Fails if objects are equal after converting them to integers.</doc>
<arguments>
<arg>${status}</arg>
<arg>${OK}</arg>
</arguments>
<msg timestamp="20180807 23:29:36.087" level="TRACE">Arguments: [ 401 | '200' ]</msg>
<msg timestamp="20180807 23:29:36.087" level="INFO">Argument types are:
&lt;class 'int'&gt;
&lt;type 'unicode'&gt;</msg>
<msg timestamp="20180807 23:29:36.087" level="TRACE">Return: None</msg>
<status status="PASS" starttime="20180807 23:29:36.087" endtime="20180807 23:29:36.087"></status>
</kw>
<msg timestamp="20180807 23:29:36.087" level="TRACE">Return: None</msg>
<status status="PASS" starttime="20180807 23:29:35.744" endtime="20180807 23:29:36.087"></status>
</kw>
<status status="PASS" starttime="20180807 23:29:33.086" endtime="20180807 23:29:36.087" critical="yes"></status>
</test>
<doc>Проверка аутентификации</doc>
<status status="PASS" starttime="20180807 23:29:32.361" endtime="20180807 23:29:36.088"></status>
</suite>
<suite id="s1-s2" name="Get" source="C:\Users\Yulia\Desktop\QA\qa_task\get.robot">
<kw name="Get Response And Check Status" library="status" type="setup">
<doc>Получение ответа и проверка кода возврата</doc>
<arguments>
<arg>${OK}</arg>
<arg>Get</arg>
</arguments>
<msg timestamp="20180807 23:29:36.091" level="TRACE">Arguments: [ ${status}='200' | ${keyword}='Get' | @{parameters}=[] ]</msg>
<kw name="Run Keyword" library="BuiltIn">
<doc>Executes the given keyword with the given arguments.</doc>
<arguments>
<arg>${keyword}</arg>
<arg>@{parameters}</arg>
</arguments>
<assign>
<var>&amp;{RESPONSE}</var>
</assign>
<msg timestamp="20180807 23:29:36.092" level="TRACE">Arguments: [ 'Get' | '@{parameters}' ]</msg>
<kw name="Get" library="test_lib">
<doc>"Get GET response's headers. Returns dictionary containing status code</doc>
<arguments>
<arg>@{parameters}</arg>
</arguments>
<msg timestamp="20180807 23:29:36.092" level="TRACE">Arguments: [  ]</msg>
<msg timestamp="20180807 23:29:36.095" level="DEBUG">Starting new HTTP connection (1): httpbin.org:80</msg>
<msg timestamp="20180807 23:29:36.409" level="DEBUG">http://httpbin.org:80 "GET /get HTTP/1.1" 200 267</msg>
<msg timestamp="20180807 23:29:36.410" level="TRACE">Status code: &lt;urllib3.response.HTTPResponse object at 0x000001BEF207BCF8&gt;</msg>
<msg timestamp="20180807 23:29:36.410" level="DEBUG">Headers:
{'Connection': 'keep-alive', 'Server': 'gunicorn/19.9.0', 'Date': 'Tue, 07 Aug 2018 20:29:36 GMT', 'Content-Type': 'application/json', 'Content-Length': '267', 'Access-Control-Allow-Origin': '*', 'Access-Control-Allow-Credentials': 'true', 'Via': '1.1 vegur'}</msg>
<msg timestamp="20180807 23:29:36.410" level="INFO">Response body:
{
  "args": {}, 
  "headers": {
    "Accept": "*/*", 
    "Accept-Encoding": "gzip, deflate", 
    "Connection": "close", 
    "Host": "httpbin.org", 
    "User-Agent": "python-requests/2.19.1"
  }, 
  "origin": "128.71.222.244", 
  "url": "http://httpbin.org/get"
}
</msg>
<msg timestamp="20180807 23:29:36.410" level="TRACE">Return: {'headers': {'Connection': 'keep-alive', 'Server': 'gunicorn/19.9.0', 'Date': 'Tue, 07 Aug 2018 20:29:36 GMT', 'Content-Type': 'application/json', 'Content-Length': '267', 'Access-Control-Allow-Origin': '*', 'Access-Control-Allow-Credentials': 'true', 'Via': '1.1 vegur'}, 'status': 200}</msg>
<status status="PASS" starttime="20180807 23:29:36.092" endtime="20180807 23:29:36.410"></status>
</kw>
<msg timestamp="20180807 23:29:36.410" level="TRACE">Return: {'headers': {'Connection': 'keep-alive', 'Server': 'gunicorn/19.9.0', 'Date': 'Tue, 07 Aug 2018 20:29:36 GMT', 'Content-Type': 'application/json', 'Content-Length': '267', 'Access-Control-Allow-Origin': '*', 'Access-Control-Allow-Credentials': 'true', 'Via': '1.1 vegur'}, 'status': 200}</msg>
<msg timestamp="20180807 23:29:36.411" level="INFO">&amp;{RESPONSE} = { status=200 | headers={'Connection': 'keep-alive', 'Server': 'gunicorn/19.9.0', 'Date': 'Tue, 07 Aug 2018 20:29:36 GMT', 'Content-Type': 'application/json', 'Content-Length': '267', 'Access-Control-A...</msg>
<status status="PASS" starttime="20180807 23:29:36.092" endtime="20180807 23:29:36.411"></status>
</kw>
<kw name="Set Suite Variable" library="BuiltIn">
<doc>Makes a variable available everywhere within the scope of the current suite.</doc>
<arguments>
<arg>&amp;{RESPONSE}</arg>
</arguments>
<msg timestamp="20180807 23:29:36.411" level="TRACE">Arguments: [ '&amp;{RESPONSE}' ]</msg>
<msg timestamp="20180807 23:29:36.411" level="INFO">&amp;{RESPONSE} = { status=200 | headers={'Connection': 'keep-alive', 'Server': 'gunicorn/19.9.0', 'Date': 'Tue, 07 Aug 2018 20:29:36 GMT', 'Content-Type': 'application/json', 'Content-Length': '267', 'Access-Control-A...</msg>
<msg timestamp="20180807 23:29:36.411" level="TRACE">Return: None</msg>
<status status="PASS" starttime="20180807 23:29:36.411" endtime="20180807 23:29:36.411"></status>
</kw>
<kw name="Should Be Equal As Integers" library="BuiltIn">
<doc>Fails if objects are unequal after converting them to integers.</doc>
<arguments>
<arg>&amp;{RESPONSE}[status]</arg>
<arg>${status}</arg>
</arguments>
<msg timestamp="20180807 23:29:36.412" level="TRACE">Arguments: [ 200 | '200' ]</msg>
<msg timestamp="20180807 23:29:36.412" level="INFO">Argument types are:
&lt;class 'int'&gt;
&lt;type 'unicode'&gt;</msg>
<msg timestamp="20180807 23:29:36.412" level="TRACE">Return: None</msg>
<status status="PASS" starttime="20180807 23:29:36.411" endtime="20180807 23:29:36.412"></status>
</kw>
<msg timestamp="20180807 23:29:36.412" level="TRACE">Return: None</msg>
<status status="PASS" starttime="20180807 23:29:36.091" endtime="20180807 23:29:36.412"></status>
</kw>
<test id="s1-s2-t1" name="Check Headers Are Correct">
<kw name="Check If Default Header Is Here And Correct">
<doc>Проверка обязательных хедеров на корректность</doc>
<arguments>
<arg>Connection</arg>
<arg>keep-alive</arg>
</arguments>
<msg timestamp="20180807 23:29:36.413" level="TRACE">Arguments: [ ${header}='Connection' | ${correct_value}='keep-alive' ]</msg>
<kw name="Should Be Equal" library="BuiltIn">
<doc>Fails if the given objects are unequal.</doc>
<arguments>
<arg>${RESPONSE['headers']['${header}']}</arg>
<arg>${correct_value}</arg>
</arguments>
<msg timestamp="20180807 23:29:36.413" level="TRACE">Arguments: [ 'keep-alive' | 'keep-alive' ]</msg>
<msg timestamp="20180807 23:29:36.413" level="DEBUG">Argument types are:
&lt;type 'unicode'&gt;
&lt;type 'unicode'&gt;</msg>
<msg timestamp="20180807 23:29:36.413" level="TRACE">Return: None</msg>
<status status="PASS" starttime="20180807 23:29:36.413" endtime="20180807 23:29:36.413"></status>
</kw>
<msg timestamp="20180807 23:29:36.413" level="TRACE">Return: None</msg>
<status status="PASS" starttime="20180807 23:29:36.412" endtime="20180807 23:29:36.413"></status>
</kw>
<kw name="Check If Default Header Is Here And Correct">
<doc>Проверка обязательных хедеров на корректность</doc>
<arguments>
<arg>Content-Type</arg>
<arg>application/json</arg>
</arguments>
<msg timestamp="20180807 23:29:36.414" level="TRACE">Arguments: [ ${header}='Content-Type' | ${correct_value}='application/json' ]</msg>
<kw name="Should Be Equal" library="BuiltIn">
<doc>Fails if the given objects are unequal.</doc>
<arguments>
<arg>${RESPONSE['headers']['${header}']}</arg>
<arg>${correct_value}</arg>
</arguments>
<msg timestamp="20180807 23:29:36.414" level="TRACE">Arguments: [ 'application/json' | 'application/json' ]</msg>
<msg timestamp="20180807 23:29:36.414" level="DEBUG">Argument types are:
&lt;type 'unicode'&gt;
&lt;type 'unicode'&gt;</msg>
<msg timestamp="20180807 23:29:36.414" level="TRACE">Return: None</msg>
<status status="PASS" starttime="20180807 23:29:36.414" endtime="20180807 23:29:36.414"></status>
</kw>
<msg timestamp="20180807 23:29:36.415" level="TRACE">Return: None</msg>
<status status="PASS" starttime="20180807 23:29:36.414" endtime="20180807 23:29:36.415"></status>
</kw>
<status status="PASS" starttime="20180807 23:29:36.412" endtime="20180807 23:29:36.415" critical="yes"></status>
</test>
<test id="s1-s2-t2" name="Check Headers Are Not Empty">
<kw name="Check If Default Header Is Not Empty">
<doc>Проверка обязательных хедеров на непустоту</doc>
<arguments>
<arg>Content-Length</arg>
</arguments>
<msg timestamp="20180807 23:29:36.415" level="TRACE">Arguments: [ ${header}='Content-Length' ]</msg>
<kw name="Should Not Be Empty" library="BuiltIn">
<doc>Verifies that the given item is not empty.</doc>
<arguments>
<arg>${RESPONSE['headers']['${header}']}</arg>
</arguments>
<msg timestamp="20180807 23:29:36.416" level="TRACE">Arguments: [ '267' ]</msg>
<msg timestamp="20180807 23:29:36.416" level="INFO">Length is 3</msg>
<msg timestamp="20180807 23:29:36.416" level="TRACE">Return: None</msg>
<status status="PASS" starttime="20180807 23:29:36.415" endtime="20180807 23:29:36.416"></status>
</kw>
<msg timestamp="20180807 23:29:36.416" level="TRACE">Return: None</msg>
<status status="PASS" starttime="20180807 23:29:36.415" endtime="20180807 23:29:36.416"></status>
</kw>
<kw name="Check If Default Header Is Not Empty">
<doc>Проверка обязательных хедеров на непустоту</doc>
<arguments>
<arg>Date</arg>
</arguments>
<msg timestamp="20180807 23:29:36.416" level="TRACE">Arguments: [ ${header}='Date' ]</msg>
<kw name="Should Not Be Empty" library="BuiltIn">
<doc>Verifies that the given item is not empty.</doc>
<arguments>
<arg>${RESPONSE['headers']['${header}']}</arg>
</arguments>
<msg timestamp="20180807 23:29:36.417" level="TRACE">Arguments: [ 'Tue, 07 Aug 2018 20:29:36 GMT' ]</msg>
<msg timestamp="20180807 23:29:36.417" level="INFO">Length is 29</msg>
<msg timestamp="20180807 23:29:36.417" level="TRACE">Return: None</msg>
<status status="PASS" starttime="20180807 23:29:36.416" endtime="20180807 23:29:36.417"></status>
</kw>
<msg timestamp="20180807 23:29:36.417" level="TRACE">Return: None</msg>
<status status="PASS" starttime="20180807 23:29:36.416" endtime="20180807 23:29:36.417"></status>
</kw>
<kw name="Check If Default Header Is Not Empty">
<doc>Проверка обязательных хедеров на непустоту</doc>
<arguments>
<arg>Server</arg>
</arguments>
<msg timestamp="20180807 23:29:36.417" level="TRACE">Arguments: [ ${header}='Server' ]</msg>
<kw name="Should Not Be Empty" library="BuiltIn">
<doc>Verifies that the given item is not empty.</doc>
<arguments>
<arg>${RESPONSE['headers']['${header}']}</arg>
</arguments>
<msg timestamp="20180807 23:29:36.417" level="TRACE">Arguments: [ 'gunicorn/19.9.0' ]</msg>
<msg timestamp="20180807 23:29:36.417" level="INFO">Length is 15</msg>
<msg timestamp="20180807 23:29:36.418" level="TRACE">Return: None</msg>
<status status="PASS" starttime="20180807 23:29:36.417" endtime="20180807 23:29:36.418"></status>
</kw>
<msg timestamp="20180807 23:29:36.418" level="TRACE">Return: None</msg>
<status status="PASS" starttime="20180807 23:29:36.417" endtime="20180807 23:29:36.418"></status>
</kw>
<status status="PASS" starttime="20180807 23:29:36.415" endtime="20180807 23:29:36.418" critical="yes"></status>
</test>
<doc>Проверка запроса /get</doc>
<status status="PASS" starttime="20180807 23:29:36.089" endtime="20180807 23:29:36.418"></status>
</suite>
<suite id="s1-s3" name="Stream" source="C:\Users\Yulia\Desktop\QA\qa_task\stream.robot">
<test id="s1-s3-t1" name="Succesful Stream Check">
<kw name="Check If Returned Number Of Lines Is Correct">
<doc>Проверка количества строк в ответе</doc>
<arguments>
<arg>0</arg>
<arg>0</arg>
</arguments>
<msg timestamp="20180807 23:29:36.422" level="TRACE">Arguments: [ ${parameter}='0' | ${expected_number_of_lines}='0' ]</msg>
<kw name="Stream" library="test_lib">
<doc>"Get min(n, 100) lines in response body. Returns status code and</doc>
<arguments>
<arg>${parameter}</arg>
</arguments>
<assign>
<var>${status}</var>
<var>${result}</var>
</assign>
<msg timestamp="20180807 23:29:36.422" level="TRACE">Arguments: [ '0' ]</msg>
<msg timestamp="20180807 23:29:36.423" level="DEBUG">Starting new HTTP connection (1): httpbin.org:80</msg>
<msg timestamp="20180807 23:29:36.739" level="DEBUG">http://httpbin.org:80 "GET /stream/0 HTTP/1.1" 200 None</msg>
<msg timestamp="20180807 23:29:36.740" level="TRACE">Status code: &lt;urllib3.response.HTTPResponse object at 0x000001BEF3698080&gt;</msg>
<msg timestamp="20180807 23:29:36.740" level="DEBUG">Headers:
{'Connection': 'keep-alive', 'Server': 'gunicorn/19.9.0', 'Date': 'Tue, 07 Aug 2018 20:29:36 GMT', 'Transfer-Encoding': 'chunked', 'Content-Type': 'application/json', 'Access-Control-Allow-Origin': '*', 'Access-Control-Allow-Credentials': 'true', 'Via': '1.1 vegur'}</msg>
<msg timestamp="20180807 23:29:36.740" level="INFO">Response body:
</msg>
<msg timestamp="20180807 23:29:36.740" level="TRACE">Return: (200, 0)</msg>
<msg timestamp="20180807 23:29:36.740" level="INFO">${status} = 200</msg>
<msg timestamp="20180807 23:29:36.740" level="INFO">${result} = 0</msg>
<status status="PASS" starttime="20180807 23:29:36.422" endtime="20180807 23:29:36.740"></status>
</kw>
<kw name="Run Keyword If" library="BuiltIn">
<doc>Runs the given keyword with the given arguments, if ``condition`` is true.</doc>
<arguments>
<arg>${status} == ${OK}</arg>
<arg>Should Be Equal As Integers</arg>
<arg>${result}</arg>
<arg>${expected_number_of_lines}</arg>
</arguments>
<msg timestamp="20180807 23:29:36.741" level="TRACE">Arguments: [ '200 == 200' | 'Should Be Equal As Integers' | '${result}' | '${expected_number_of_lines}' ]</msg>
<kw name="Should Be Equal As Integers" library="BuiltIn">
<doc>Fails if objects are unequal after converting them to integers.</doc>
<arguments>
<arg>${result}</arg>
<arg>${expected_number_of_lines}</arg>
</arguments>
<msg timestamp="20180807 23:29:36.741" level="TRACE">Arguments: [ 0 | '0' ]</msg>
<msg timestamp="20180807 23:29:36.741" level="INFO">Argument types are:
&lt;class 'int'&gt;
&lt;type 'unicode'&gt;</msg>
<msg timestamp="20180807 23:29:36.741" level="TRACE">Return: None</msg>
<status status="PASS" starttime="20180807 23:29:36.741" endtime="20180807 23:29:36.741"></status>
</kw>
<msg timestamp="20180807 23:29:36.741" level="TRACE">Return: None</msg>
<status status="PASS" starttime="20180807 23:29:36.740" endtime="20180807 23:29:36.741"></status>
</kw>
<msg timestamp="20180807 23:29:36.741" level="TRACE">Return: None</msg>
<status status="PASS" starttime="20180807 23:29:36.421" endtime="20180807 23:29:36.741"></status>
</kw>
<kw name="Check If Returned Number Of Lines Is Correct">
<doc>Проверка количества строк в ответе</doc>
<arguments>
<arg>1</arg>
<arg>1</arg>
</arguments>
<msg timestamp="20180807 23:29:36.742" level="TRACE">Arguments: [ ${parameter}='1' | ${expected_number_of_lines}='1' ]</msg>
<kw name="Stream" library="test_lib">
<doc>"Get min(n, 100) lines in response body. Returns status code and</doc>
<arguments>
<arg>${parameter}</arg>
</arguments>
<assign>
<var>${status}</var>
<var>${result}</var>
</assign>
<msg timestamp="20180807 23:29:36.742" level="TRACE">Arguments: [ '1' ]</msg>
<msg timestamp="20180807 23:29:36.743" level="DEBUG">Starting new HTTP connection (1): httpbin.org:80</msg>
<msg timestamp="20180807 23:29:37.049" level="DEBUG">http://httpbin.org:80 "GET /stream/1 HTTP/1.1" 200 None</msg>
<msg timestamp="20180807 23:29:37.050" level="TRACE">Status code: &lt;urllib3.response.HTTPResponse object at 0x000001BEF368C5F8&gt;</msg>
<msg timestamp="20180807 23:29:37.050" level="DEBUG">Headers:
{'Connection': 'keep-alive', 'Server': 'gunicorn/19.9.0', 'Date': 'Tue, 07 Aug 2018 20:29:37 GMT', 'Transfer-Encoding': 'chunked', 'Content-Type': 'application/json', 'Access-Control-Allow-Origin': '*', 'Access-Control-Allow-Credentials': 'true', 'Via': '1.1 vegur'}</msg>
<msg timestamp="20180807 23:29:37.051" level="INFO">Response body:
{"url": "http://httpbin.org/stream/1", "args": {}, "headers": {"Host": "httpbin.org", "Connection": "close", "User-Agent": "python-requests/2.19.1", "Accept-Encoding": "gzip, deflate", "Accept": "*/*"}, "origin": "128.71.222.244", "id": 0}
</msg>
<msg timestamp="20180807 23:29:37.051" level="TRACE">Return: (200, 1)</msg>
<msg timestamp="20180807 23:29:37.051" level="INFO">${status} = 200</msg>
<msg timestamp="20180807 23:29:37.051" level="INFO">${result} = 1</msg>
<status status="PASS" starttime="20180807 23:29:36.742" endtime="20180807 23:29:37.051"></status>
</kw>
<kw name="Run Keyword If" library="BuiltIn">
<doc>Runs the given keyword with the given arguments, if ``condition`` is true.</doc>
<arguments>
<arg>${status} == ${OK}</arg>
<arg>Should Be Equal As Integers</arg>
<arg>${result}</arg>
<arg>${expected_number_of_lines}</arg>
</arguments>
<msg timestamp="20180807 23:29:37.052" level="TRACE">Arguments: [ '200 == 200' | 'Should Be Equal As Integers' | '${result}' | '${expected_number_of_lines}' ]</msg>
<kw name="Should Be Equal As Integers" library="BuiltIn">
<doc>Fails if objects are unequal after converting them to integers.</doc>
<arguments>
<arg>${result}</arg>
<arg>${expected_number_of_lines}</arg>
</arguments>
<msg timestamp="20180807 23:29:37.053" level="TRACE">Arguments: [ 1 | '1' ]</msg>
<msg timestamp="20180807 23:29:37.053" level="INFO">Argument types are:
&lt;class 'int'&gt;
&lt;type 'unicode'&gt;</msg>
<msg timestamp="20180807 23:29:37.053" level="TRACE">Return: None</msg>
<status status="PASS" starttime="20180807 23:29:37.053" endtime="20180807 23:29:37.053"></status>
</kw>
<msg timestamp="20180807 23:29:37.053" level="TRACE">Return: None</msg>
<status status="PASS" starttime="20180807 23:29:37.052" endtime="20180807 23:29:37.053"></status>
</kw>
<msg timestamp="20180807 23:29:37.054" level="TRACE">Return: None</msg>
<status status="PASS" starttime="20180807 23:29:36.742" endtime="20180807 23:29:37.054"></status>
</kw>
<kw name="Check If Returned Number Of Lines Is Correct">
<doc>Проверка количества строк в ответе</doc>
<arguments>
<arg>2</arg>
<arg>2</arg>
</arguments>
<msg timestamp="20180807 23:29:37.054" level="TRACE">Arguments: [ ${parameter}='2' | ${expected_number_of_lines}='2' ]</msg>
<kw name="Stream" library="test_lib">
<doc>"Get min(n, 100) lines in response body. Returns status code and</doc>
<arguments>
<arg>${parameter}</arg>
</arguments>
<assign>
<var>${status}</var>
<var>${result}</var>
</assign>
<msg timestamp="20180807 23:29:37.055" level="TRACE">Arguments: [ '2' ]</msg>
<msg timestamp="20180807 23:29:37.057" level="DEBUG">Starting new HTTP connection (1): httpbin.org:80</msg>
<msg timestamp="20180807 23:29:37.385" level="DEBUG">http://httpbin.org:80 "GET /stream/2 HTTP/1.1" 200 None</msg>
<msg timestamp="20180807 23:29:37.385" level="TRACE">Status code: &lt;urllib3.response.HTTPResponse object at 0x000001BEF3673FD0&gt;</msg>
<msg timestamp="20180807 23:29:37.385" level="DEBUG">Headers:
{'Connection': 'keep-alive', 'Server': 'gunicorn/19.9.0', 'Date': 'Tue, 07 Aug 2018 20:29:37 GMT', 'Transfer-Encoding': 'chunked', 'Content-Type': 'application/json', 'Access-Control-Allow-Origin': '*', 'Access-Control-Allow-Credentials': 'true', 'Via': '1.1 vegur'}</msg>
<msg timestamp="20180807 23:29:37.385" level="INFO">Response body:
{"url": "http://httpbin.org/stream/2", "args": {}, "headers": {"Host": "httpbin.org", "Connection": "close", "User-Agent": "python-requests/2.19.1", "Accept-Encoding": "gzip, deflate", "Accept": "*/*"}, "origin": "128.71.222.244", "id": 0}
{"url": "http://httpbin.org/stream/2", "args": {}, "headers": {"Host": "httpbin.org", "Connection": "close", "User-Agent": "python-requests/2.19.1", "Accept-Encoding": "gzip, deflate", "Accept": "*/*"}, "origin": "128.71.222.244", "id": 1}
</msg>
<msg timestamp="20180807 23:29:37.386" level="TRACE">Return: (200, 2)</msg>
<msg timestamp="20180807 23:29:37.386" level="INFO">${status} = 200</msg>
<msg timestamp="20180807 23:29:37.386" level="INFO">${result} = 2</msg>
<status status="PASS" starttime="20180807 23:29:37.055" endtime="20180807 23:29:37.386"></status>
</kw>
<kw name="Run Keyword If" library="BuiltIn">
<doc>Runs the given keyword with the given arguments, if ``condition`` is true.</doc>
<arguments>
<arg>${status} == ${OK}</arg>
<arg>Should Be Equal As Integers</arg>
<arg>${result}</arg>
<arg>${expected_number_of_lines}</arg>
</arguments>
<msg timestamp="20180807 23:29:37.386" level="TRACE">Arguments: [ '200 == 200' | 'Should Be Equal As Integers' | '${result}' | '${expected_number_of_lines}' ]</msg>
<kw name="Should Be Equal As Integers" library="BuiltIn">
<doc>Fails if objects are unequal after converting them to integers.</doc>
<arguments>
<arg>${result}</arg>
<arg>${expected_number_of_lines}</arg>
</arguments>
<msg timestamp="20180807 23:29:37.387" level="TRACE">Arguments: [ 2 | '2' ]</msg>
<msg timestamp="20180807 23:29:37.387" level="INFO">Argument types are:
&lt;class 'int'&gt;
&lt;type 'unicode'&gt;</msg>
<msg timestamp="20180807 23:29:37.387" level="TRACE">Return: None</msg>
<status status="PASS" starttime="20180807 23:29:37.386" endtime="20180807 23:29:37.387"></status>
</kw>
<msg timestamp="20180807 23:29:37.387" level="TRACE">Return: None</msg>
<status status="PASS" starttime="20180807 23:29:37.386" endtime="20180807 23:29:37.387"></status>
</kw>
<msg timestamp="20180807 23:29:37.387" level="TRACE">Return: None</msg>
<status status="PASS" starttime="20180807 23:29:37.054" endtime="20180807 23:29:37.387"></status>
</kw>
<kw name="Check If Returned Number Of Lines Is Correct">
<doc>Проверка количества строк в ответе</doc>
<arguments>
<arg>10</arg>
<arg>10</arg>
</arguments>
<msg timestamp="20180807 23:29:37.387" level="TRACE">Arguments: [ ${parameter}='10' | ${expected_number_of_lines}='10' ]</msg>
<kw name="Stream" library="test_lib">
<doc>"Get min(n, 100) lines in response body. Returns status code and</doc>
<arguments>
<arg>${parameter}</arg>
</arguments>
<assign>
<var>${status}</var>
<var>${result}</var>
</assign>
<msg timestamp="20180807 23:29:37.388" level="TRACE">Arguments: [ '10' ]</msg>
<msg timestamp="20180807 23:29:37.389" level="DEBUG">Starting new HTTP connection (1): httpbin.org:80</msg>
<msg timestamp="20180807 23:29:37.715" level="DEBUG">http://httpbin.org:80 "GET /stream/10 HTTP/1.1" 200 None</msg>
<msg timestamp="20180807 23:29:37.716" level="TRACE">Status code: &lt;urllib3.response.HTTPResponse object at 0x000001BEF35DBEF0&gt;</msg>
<msg timestamp="20180807 23:29:37.716" level="DEBUG">Headers:
{'Connection': 'keep-alive', 'Server': 'gunicorn/19.9.0', 'Date': 'Tue, 07 Aug 2018 20:29:37 GMT', 'Transfer-Encoding': 'chunked', 'Content-Type': 'application/json', 'Access-Control-Allow-Origin': '*', 'Access-Control-Allow-Credentials': 'true', 'Via': '1.1 vegur'}</msg>
<msg timestamp="20180807 23:29:37.716" level="INFO">Response body:
{"url": "http://httpbin.org/stream/10", "args": {}, "headers": {"Host": "httpbin.org", "Connection": "close", "User-Agent": "python-requests/2.19.1", "Accept-Encoding": "gzip, deflate", "Accept": "*/*"}, "origin": "128.71.222.244", "id": 0}
{"url": "http://httpbin.org/stream/10", "args": {}, "headers": {"Host": "httpbin.org", "Connection": "close", "User-Agent": "python-requests/2.19.1", "Accept-Encoding": "gzip, deflate", "Accept": "*/*"}, "origin": "128.71.222.244", "id": 1}
{"url": "http://httpbin.org/stream/10", "args": {}, "headers": {"Host": "httpbin.org", "Connection": "close", "User-Agent": "python-requests/2.19.1", "Accept-Encoding": "gzip, deflate", "Accept": "*/*"}, "origin": "128.71.222.244", "id": 2}
{"url": "http://httpbin.org/stream/10", "args": {}, "headers": {"Host": "httpbin.org", "Connection": "close", "User-Agent": "python-requests/2.19.1", "Accept-Encoding": "gzip, deflate", "Accept": "*/*"}, "origin": "128.71.222.244", "id": 3}
{"url": "http://httpbin.org/stream/10", "args": {}, "headers": {"Host": "httpbin.org", "Connection": "close", "User-Agent": "python-requests/2.19.1", "Accept-Encoding": "gzip, deflate", "Accept": "*/*"}, "origin": "128.71.222.244", "id": 4}
{"url": "http://httpbin.org/stream/10", "args": {}, "headers": {"Host": "httpbin.org", "Connection": "close", "User-Agent": "python-requests/2.19.1", "Accept-Encoding": "gzip, deflate", "Accept": "*/*"}, "origin": "128.71.222.244", "id": 5}
{"url": "http://httpbin.org/stream/10", "args": {}, "headers": {"Host": "httpbin.org", "Connection": "close", "User-Agent": "python-requests/2.19.1", "Accept-Encoding": "gzip, deflate", "Accept": "*/*"}, "origin": "128.71.222.244", "id": 6}
{"url": "http://httpbin.org/stream/10", "args": {}, "headers": {"Host": "httpbin.org", "Connection": "close", "User-Agent": "python-requests/2.19.1", "Accept-Encoding": "gzip, deflate", "Accept": "*/*"}, "origin": "128.71.222.244", "id": 7}
{"url": "http://httpbin.org/stream/10", "args": {}, "headers": {"Host": "httpbin.org", "Connection": "close", "User-Agent": "python-requests/2.19.1", "Accept-Encoding": "gzip, deflate", "Accept": "*/*"}, "origin": "128.71.222.244", "id": 8}
{"url": "http://httpbin.org/stream/10", "args": {}, "headers": {"Host": "httpbin.org", "Connection": "close", "User-Agent": "python-requests/2.19.1", "Accept-Encoding": "gzip, deflate", "Accept": "*/*"}, "origin": "128.71.222.244", "id": 9}
</msg>
<msg timestamp="20180807 23:29:37.716" level="TRACE">Return: (200, 10)</msg>
<msg timestamp="20180807 23:29:37.716" level="INFO">${status} = 200</msg>
<msg timestamp="20180807 23:29:37.716" level="INFO">${result} = 10</msg>
<status status="PASS" starttime="20180807 23:29:37.387" endtime="20180807 23:29:37.716"></status>
</kw>
<kw name="Run Keyword If" library="BuiltIn">
<doc>Runs the given keyword with the given arguments, if ``condition`` is true.</doc>
<arguments>
<arg>${status} == ${OK}</arg>
<arg>Should Be Equal As Integers</arg>
<arg>${result}</arg>
<arg>${expected_number_of_lines}</arg>
</arguments>
<msg timestamp="20180807 23:29:37.717" level="TRACE">Arguments: [ '200 == 200' | 'Should Be Equal As Integers' | '${result}' | '${expected_number_of_lines}' ]</msg>
<kw name="Should Be Equal As Integers" library="BuiltIn">
<doc>Fails if objects are unequal after converting them to integers.</doc>
<arguments>
<arg>${result}</arg>
<arg>${expected_number_of_lines}</arg>
</arguments>
<msg timestamp="20180807 23:29:37.717" level="TRACE">Arguments: [ 10 | '10' ]</msg>
<msg timestamp="20180807 23:29:37.717" level="INFO">Argument types are:
&lt;class 'int'&gt;
&lt;type 'unicode'&gt;</msg>
<msg timestamp="20180807 23:29:37.717" level="TRACE">Return: None</msg>
<status status="PASS" starttime="20180807 23:29:37.717" endtime="20180807 23:29:37.717"></status>
</kw>
<msg timestamp="20180807 23:29:37.717" level="TRACE">Return: None</msg>
<status status="PASS" starttime="20180807 23:29:37.716" endtime="20180807 23:29:37.717"></status>
</kw>
<msg timestamp="20180807 23:29:37.717" level="TRACE">Return: None</msg>
<status status="PASS" starttime="20180807 23:29:37.387" endtime="20180807 23:29:37.717"></status>
</kw>
<kw name="Check If Returned Number Of Lines Is Correct">
<doc>Проверка количества строк в ответе</doc>
<arguments>
<arg>99</arg>
<arg>99</arg>
</arguments>
<msg timestamp="20180807 23:29:37.718" level="TRACE">Arguments: [ ${parameter}='99' | ${expected_number_of_lines}='99' ]</msg>
<kw name="Stream" library="test_lib">
<doc>"Get min(n, 100) lines in response body. Returns status code and</doc>
<arguments>
<arg>${parameter}</arg>
</arguments>
<assign>
<var>${status}</var>
<var>${result}</var>
</assign>
<msg timestamp="20180807 23:29:37.718" level="TRACE">Arguments: [ '99' ]</msg>
<msg timestamp="20180807 23:29:37.719" level="DEBUG">Starting new HTTP connection (1): httpbin.org:80</msg>
<msg timestamp="20180807 23:29:38.028" level="DEBUG">http://httpbin.org:80 "GET /stream/99 HTTP/1.1" 200 None</msg>
<msg timestamp="20180807 23:29:38.181" level="TRACE">Status code: &lt;urllib3.response.HTTPResponse object at 0x000001BEF368CBE0&gt;</msg>
<msg timestamp="20180807 23:29:38.182" level="DEBUG">Headers:
{'Connection': 'keep-alive', 'Server': 'gunicorn/19.9.0', 'Date': 'Tue, 07 Aug 2018 20:29:38 GMT', 'Transfer-Encoding': 'chunked', 'Content-Type': 'application/json', 'Access-Control-Allow-Origin': '*', 'Access-Control-Allow-Credentials': 'true', 'Via': '1.1 vegur'}</msg>
<msg timestamp="20180807 23:29:38.182" level="INFO">Response body:
{"url": "http://httpbin.org/stream/99", "args": {}, "headers": {"Host": "httpbin.org", "Connection": "close", "User-Agent": "python-requests/2.19.1", "Accept-Encoding": "gzip, deflate", "Accept": "*/*"}, "origin": "128.71.222.244", "id": 0}
{"url": "http://httpbin.org/stream/99", "args": {}, "headers": {"Host": "httpbin.org", "Connection": "close", "User-Agent": "python-requests/2.19.1", "Accept-Encoding": "gzip, deflate", "Accept": "*/*"}, "origin": "128.71.222.244", "id": 1}
{"url": "http://httpbin.org/stream/99", "args": {}, "headers": {"Host": "httpbin.org", "Connection": "close", "User-Agent": "python-requests/2.19.1", "Accept-Encoding": "gzip, deflate", "Accept": "*/*"}, "origin": "128.71.222.244", "id": 2}
{"url": "http://httpbin.org/stream/99", "args": {}, "headers": {"Host": "httpbin.org", "Connection": "close", "User-Agent": "python-requests/2.19.1", "Accept-Encoding": "gzip, deflate", "Accept": "*/*"}, "origin": "128.71.222.244", "id": 3}
{"url": "http://httpbin.org/stream/99", "args": {}, "headers": {"Host": "httpbin.org", "Connection": "close", "User-Agent": "python-requests/2.19.1", "Accept-Encoding": "gzip, deflate", "Accept": "*/*"}, "origin": "128.71.222.244", "id": 4}
{"url": "http://httpbin.org/stream/99", "args": {}, "headers": {"Host": "httpbin.org", "Connection": "close", "User-Agent": "python-requests/2.19.1", "Accept-Encoding": "gzip, deflate", "Accept": "*/*"}, "origin": "128.71.222.244", "id": 5}
{"url": "http://httpbin.org/stream/99", "args": {}, "headers": {"Host": "httpbin.org", "Connection": "close", "User-Agent": "python-requests/2.19.1", "Accept-Encoding": "gzip, deflate", "Accept": "*/*"}, "origin": "128.71.222.244", "id": 6}
{"url": "http://httpbin.org/stream/99", "args": {}, "headers": {"Host": "httpbin.org", "Connection": "close", "User-Agent": "python-requests/2.19.1", "Accept-Encoding": "gzip, deflate", "Accept": "*/*"}, "origin": "128.71.222.244", "id": 7}
{"url": "http://httpbin.org/stream/99", "args": {}, "headers": {"Host": "httpbin.org", "Connection": "close", "User-Agent": "python-requests/2.19.1", "Accept-Encoding": "gzip, deflate", "Accept": "*/*"}, "origin": "128.71.222.244", "id": 8}
{"url": "http://httpbin.org/stream/99", "args": {}, "headers": {"Host": "httpbin.org", "Connection": "close", "User-Agent": "python-requests/2.19.1", "Accept-Encoding": "gzip, deflate", "Accept": "*/*"}, "origin": "128.71.222.244", "id": 9}
{"url": "http://httpbin.org/stream/99", "args": {}, "headers": {"Host": "httpbin.org", "Connection": "close", "User-Agent": "python-requests/2.19.1", "Accept-Encoding": "gzip, deflate", "Accept": "*/*"}, "origin": "128.71.222.244", "id": 10}
{"url": "http://httpbin.org/stream/99", "args": {}, "headers": {"Host": "httpbin.org", "Connection": "close", "User-Agent": "python-requests/2.19.1", "Accept-Encoding": "gzip, deflate", "Accept": "*/*"}, "origin": "128.71.222.244", "id": 11}
{"url": "http://httpbin.org/stream/99", "args": {}, "headers": {"Host": "httpbin.org", "Connection": "close", "User-Agent": "python-requests/2.19.1", "Accept-Encoding": "gzip, deflate", "Accept": "*/*"}, "origin": "128.71.222.244", "id": 12}
{"url": "http://httpbin.org/stream/99", "args": {}, "headers": {"Host": "httpbin.org", "Connection": "close", "User-Agent": "python-requests/2.19.1", "Accept-Encoding": "gzip, deflate", "Accept": "*/*"}, "origin": "128.71.222.244", "id": 13}
{"url": "http://httpbin.org/stream/99", "args": {}, "headers": {"Host": "httpbin.org", "Connection": "close", "User-Agent": "python-requests/2.19.1", "Accept-Encoding": "gzip, deflate", "Accept": "*/*"}, "origin": "128.71.222.244", "id": 14}
{"url": "http://httpbin.org/stream/99", "args": {}, "headers": {"Host": "httpbin.org", "Connection": "close", "User-Agent": "python-requests/2.19.1", "Accept-Encoding": "gzip, deflate", "Accept": "*/*"}, "origin": "128.71.222.244", "id": 15}
{"url": "http://httpbin.org/stream/99", "args": {}, "headers": {"Host": "httpbin.org", "Connection": "close", "User-Agent": "python-requests/2.19.1", "Accept-Encoding": "gzip, deflate", "Accept": "*/*"}, "origin": "128.71.222.244", "id": 16}
{"url": "http://httpbin.org/stream/99", "args": {}, "headers": {"Host": "httpbin.org", "Connection": "close", "User-Agent": "python-requests/2.19.1", "Accept-Encoding": "gzip, deflate", "Accept": "*/*"}, "origin": "128.71.222.244", "id": 17}
{"url": "http://httpbin.org/stream/99", "args": {}, "headers": {"Host": "httpbin.org", "Connection": "close", "User-Agent": "python-requests/2.19.1", "Accept-Encoding": "gzip, deflate", "Accept": "*/*"}, "origin": "128.71.222.244", "id": 18}
{"url": "http://httpbin.org/stream/99", "args": {}, "headers": {"Host": "httpbin.org", "Connection": "close", "User-Agent": "python-requests/2.19.1", "Accept-Encoding": "gzip, deflate", "Accept": "*/*"}, "origin": "128.71.222.244", "id": 19}
{"url": "http://httpbin.org/stream/99", "args": {}, "headers": {"Host": "httpbin.org", "Connection": "close", "User-Agent": "python-requests/2.19.1", "Accept-Encoding": "gzip, deflate", "Accept": "*/*"}, "origin": "128.71.222.244", "id": 20}
{"url": "http://httpbin.org/stream/99", "args": {}, "headers": {"Host": "httpbin.org", "Connection": "close", "User-Agent": "python-requests/2.19.1", "Accept-Encoding": "gzip, deflate", "Accept": "*/*"}, "origin": "128.71.222.244", "id": 21}
{"url": "http://httpbin.org/stream/99", "args": {}, "headers": {"Host": "httpbin.org", "Connection": "close", "User-Agent": "python-requests/2.19.1", "Accept-Encoding": "gzip, deflate", "Accept": "*/*"}, "origin": "128.71.222.244", "id": 22}
{"url": "http://httpbin.org/stream/99", "args": {}, "headers": {"Host": "httpbin.org", "Connection": "close", "User-Agent": "python-requests/2.19.1", "Accept-Encoding": "gzip, deflate", "Accept": "*/*"}, "origin": "128.71.222.244", "id": 23}
{"url": "http://httpbin.org/stream/99", "args": {}, "headers": {"Host": "httpbin.org", "Connection": "close", "User-Agent": "python-requests/2.19.1", "Accept-Encoding": "gzip, deflate", "Accept": "*/*"}, "origin": "128.71.222.244", "id": 24}
{"url": "http://httpbin.org/stream/99", "args": {}, "headers": {"Host": "httpbin.org", "Connection": "close", "User-Agent": "python-requests/2.19.1", "Accept-Encoding": "gzip, deflate", "Accept": "*/*"}, "origin": "128.71.222.244", "id": 25}
{"url": "http://httpbin.org/stream/99", "args": {}, "headers": {"Host": "httpbin.org", "Connection": "close", "User-Agent": "python-requests/2.19.1", "Accept-Encoding": "gzip, deflate", "Accept": "*/*"}, "origin": "128.71.222.244", "id": 26}
{"url": "http://httpbin.org/stream/99", "args": {}, "headers": {"Host": "httpbin.org", "Connection": "close", "User-Agent": "python-requests/2.19.1", "Accept-Encoding": "gzip, deflate", "Accept": "*/*"}, "origin": "128.71.222.244", "id": 27}
{"url": "http://httpbin.org/stream/99", "args": {}, "headers": {"Host": "httpbin.org", "Connection": "close", "User-Agent": "python-requests/2.19.1", "Accept-Encoding": "gzip, deflate", "Accept": "*/*"}, "origin": "128.71.222.244", "id": 28}
{"url": "http://httpbin.org/stream/99", "args": {}, "headers": {"Host": "httpbin.org", "Connection": "close", "User-Agent": "python-requests/2.19.1", "Accept-Encoding": "gzip, deflate", "Accept": "*/*"}, "origin": "128.71.222.244", "id": 29}
{"url": "http://httpbin.org/stream/99", "args": {}, "headers": {"Host": "httpbin.org", "Connection": "close", "User-Agent": "python-requests/2.19.1", "Accept-Encoding": "gzip, deflate", "Accept": "*/*"}, "origin": "128.71.222.244", "id": 30}
{"url": "http://httpbin.org/stream/99", "args": {}, "headers": {"Host": "httpbin.org", "Connection": "close", "User-Agent": "python-requests/2.19.1", "Accept-Encoding": "gzip, deflate", "Accept": "*/*"}, "origin": "128.71.222.244", "id": 31}
{"url": "http://httpbin.org/stream/99", "args": {}, "headers": {"Host": "httpbin.org", "Connection": "close", "User-Agent": "python-requests/2.19.1", "Accept-Encoding": "gzip, deflate", "Accept": "*/*"}, "origin": "128.71.222.244", "id": 32}
{"url": "http://httpbin.org/stream/99", "args": {}, "headers": {"Host": "httpbin.org", "Connection": "close", "User-Agent": "python-requests/2.19.1", "Accept-Encoding": "gzip, deflate", "Accept": "*/*"}, "origin": "128.71.222.244", "id": 33}
{"url": "http://httpbin.org/stream/99", "args": {}, "headers": {"Host": "httpbin.org", "Connection": "close", "User-Agent": "python-requests/2.19.1", "Accept-Encoding": "gzip, deflate", "Accept": "*/*"}, "origin": "128.71.222.244", "id": 34}
{"url": "http://httpbin.org/stream/99", "args": {}, "headers": {"Host": "httpbin.org", "Connection": "close", "User-Agent": "python-requests/2.19.1", "Accept-Encoding": "gzip, deflate", "Accept": "*/*"}, "origin": "128.71.222.244", "id": 35}
{"url": "http://httpbin.org/stream/99", "args": {}, "headers": {"Host": "httpbin.org", "Connection": "close", "User-Agent": "python-requests/2.19.1", "Accept-Encoding": "gzip, deflate", "Accept": "*/*"}, "origin": "128.71.222.244", "id": 36}
{"url": "http://httpbin.org/stream/99", "args": {}, "headers": {"Host": "httpbin.org", "Connection": "close", "User-Agent": "python-requests/2.19.1", "Accept-Encoding": "gzip, deflate", "Accept": "*/*"}, "origin": "128.71.222.244", "id": 37}
{"url": "http://httpbin.org/stream/99", "args": {}, "headers": {"Host": "httpbin.org", "Connection": "close", "User-Agent": "python-requests/2.19.1", "Accept-Encoding": "gzip, deflate", "Accept": "*/*"}, "origin": "128.71.222.244", "id": 38}
{"url": "http://httpbin.org/stream/99", "args": {}, "headers": {"Host": "httpbin.org", "Connection": "close", "User-Agent": "python-requests/2.19.1", "Accept-Encoding": "gzip, deflate", "Accept": "*/*"}, "origin": "128.71.222.244", "id": 39}
{"url": "http://httpbin.org/stream/99", "args": {}, "headers": {"Host": "httpbin.org", "Connection": "close", "User-Agent": "python-requests/2.19.1", "Accept-Encoding": "gzip, deflate", "Accept": "*/*"}, "origin": "128.71.222.244", "id": 40}
{"url": "http://httpbin.org/stream/99", "args": {}, "headers": {"Host": "httpbin.org", "Connection": "close", "User-Agent": "python-requests/2.19.1", "Accept-Encoding": "gzip, deflate", "Accept": "*/*"}, "origin": "128.71.222.244", "id": 41}
{"url": "http://httpbin.org/stream/99", "args": {}, "headers": {"Host": "httpbin.org", "Connection": "close", "User-Agent": "python-requests/2.19.1", "Accept-Encoding": "gzip, deflate", "Accept": "*/*"}, "origin": "128.71.222.244", "id": 42}
{"url": "http://httpbin.org/stream/99", "args": {}, "headers": {"Host": "httpbin.org", "Connection": "close", "User-Agent": "python-requests/2.19.1", "Accept-Encoding": "gzip, deflate", "Accept": "*/*"}, "origin": "128.71.222.244", "id": 43}
{"url": "http://httpbin.org/stream/99", "args": {}, "headers": {"Host": "httpbin.org", "Connection": "close", "User-Agent": "python-requests/2.19.1", "Accept-Encoding": "gzip, deflate", "Accept": "*/*"}, "origin": "128.71.222.244", "id": 44}
{"url": "http://httpbin.org/stream/99", "args": {}, "headers": {"Host": "httpbin.org", "Connection": "close", "User-Agent": "python-requests/2.19.1", "Accept-Encoding": "gzip, deflate", "Accept": "*/*"}, "origin": "128.71.222.244", "id": 45}
{"url": "http://httpbin.org/stream/99", "args": {}, "headers": {"Host": "httpbin.org", "Connection": "close", "User-Agent": "python-requests/2.19.1", "Accept-Encoding": "gzip, deflate", "Accept": "*/*"}, "origin": "128.71.222.244", "id": 46}
{"url": "http://httpbin.org/stream/99", "args": {}, "headers": {"Host": "httpbin.org", "Connection": "close", "User-Agent": "python-requests/2.19.1", "Accept-Encoding": "gzip, deflate", "Accept": "*/*"}, "origin": "128.71.222.244", "id": 47}
{"url": "http://httpbin.org/stream/99", "args": {}, "headers": {"Host": "httpbin.org", "Connection": "close", "User-Agent": "python-requests/2.19.1", "Accept-Encoding": "gzip, deflate", "Accept": "*/*"}, "origin": "128.71.222.244", "id": 48}
{"url": "http://httpbin.org/stream/99", "args": {}, "headers": {"Host": "httpbin.org", "Connection": "close", "User-Agent": "python-requests/2.19.1", "Accept-Encoding": "gzip, deflate", "Accept": "*/*"}, "origin": "128.71.222.244", "id": 49}
{"url": "http://httpbin.org/stream/99", "args": {}, "headers": {"Host": "httpbin.org", "Connection": "close", "User-Agent": "python-requests/2.19.1", "Accept-Encoding": "gzip, deflate", "Accept": "*/*"}, "origin": "128.71.222.244", "id": 50}
{"url": "http://httpbin.org/stream/99", "args": {}, "headers": {"Host": "httpbin.org", "Connection": "close", "User-Agent": "python-requests/2.19.1", "Accept-Encoding": "gzip, deflate", "Accept": "*/*"}, "origin": "128.71.222.244", "id": 51}
{"url": "http://httpbin.org/stream/99", "args": {}, "headers": {"Host": "httpbin.org", "Connection": "close", "User-Agent": "python-requests/2.19.1", "Accept-Encoding": "gzip, deflate", "Accept": "*/*"}, "origin": "128.71.222.244", "id": 52}
{"url": "http://httpbin.org/stream/99", "args": {}, "headers": {"Host": "httpbin.org", "Connection": "close", "User-Agent": "python-requests/2.19.1", "Accept-Encoding": "gzip, deflate", "Accept": "*/*"}, "origin": "128.71.222.244", "id": 53}
{"url": "http://httpbin.org/stream/99", "args": {}, "headers": {"Host": "httpbin.org", "Connection": "close", "User-Agent": "python-requests/2.19.1", "Accept-Encoding": "gzip, deflate", "Accept": "*/*"}, "origin": "128.71.222.244", "id": 54}
{"url": "http://httpbin.org/stream/99", "args": {}, "headers": {"Host": "httpbin.org", "Connection": "close", "User-Agent": "python-requests/2.19.1", "Accept-Encoding": "gzip, deflate", "Accept": "*/*"}, "origin": "128.71.222.244", "id": 55}
{"url": "http://httpbin.org/stream/99", "args": {}, "headers": {"Host": "httpbin.org", "Connection": "close", "User-Agent": "python-requests/2.19.1", "Accept-Encoding": "gzip, deflate", "Accept": "*/*"}, "origin": "128.71.222.244", "id": 56}
{"url": "http://httpbin.org/stream/99", "args": {}, "headers": {"Host": "httpbin.org", "Connection": "close", "User-Agent": "python-requests/2.19.1", "Accept-Encoding": "gzip, deflate", "Accept": "*/*"}, "origin": "128.71.222.244", "id": 57}
{"url": "http://httpbin.org/stream/99", "args": {}, "headers": {"Host": "httpbin.org", "Connection": "close", "User-Agent": "python-requests/2.19.1", "Accept-Encoding": "gzip, deflate", "Accept": "*/*"}, "origin": "128.71.222.244", "id": 58}
{"url": "http://httpbin.org/stream/99", "args": {}, "headers": {"Host": "httpbin.org", "Connection": "close", "User-Agent": "python-requests/2.19.1", "Accept-Encoding": "gzip, deflate", "Accept": "*/*"}, "origin": "128.71.222.244", "id": 59}
{"url": "http://httpbin.org/stream/99", "args": {}, "headers": {"Host": "httpbin.org", "Connection": "close", "User-Agent": "python-requests/2.19.1", "Accept-Encoding": "gzip, deflate", "Accept": "*/*"}, "origin": "128.71.222.244", "id": 60}
{"url": "http://httpbin.org/stream/99", "args": {}, "headers": {"Host": "httpbin.org", "Connection": "close", "User-Agent": "python-requests/2.19.1", "Accept-Encoding": "gzip, deflate", "Accept": "*/*"}, "origin": "128.71.222.244", "id": 61}
{"url": "http://httpbin.org/stream/99", "args": {}, "headers": {"Host": "httpbin.org", "Connection": "close", "User-Agent": "python-requests/2.19.1", "Accept-Encoding": "gzip, deflate", "Accept": "*/*"}, "origin": "128.71.222.244", "id": 62}
{"url": "http://httpbin.org/stream/99", "args": {}, "headers": {"Host": "httpbin.org", "Connection": "close", "User-Agent": "python-requests/2.19.1", "Accept-Encoding": "gzip, deflate", "Accept": "*/*"}, "origin": "128.71.222.244", "id": 63}
{"url": "http://httpbin.org/stream/99", "args": {}, "headers": {"Host": "httpbin.org", "Connection": "close", "User-Agent": "python-requests/2.19.1", "Accept-Encoding": "gzip, deflate", "Accept": "*/*"}, "origin": "128.71.222.244", "id": 64}
{"url": "http://httpbin.org/stream/99", "args": {}, "headers": {"Host": "httpbin.org", "Connection": "close", "User-Agent": "python-requests/2.19.1", "Accept-Encoding": "gzip, deflate", "Accept": "*/*"}, "origin": "128.71.222.244", "id": 65}
{"url": "http://httpbin.org/stream/99", "args": {}, "headers": {"Host": "httpbin.org", "Connection": "close", "User-Agent": "python-requests/2.19.1", "Accept-Encoding": "gzip, deflate", "Accept": "*/*"}, "origin": "128.71.222.244", "id": 66}
{"url": "http://httpbin.org/stream/99", "args": {}, "headers": {"Host": "httpbin.org", "Connection": "close", "User-Agent": "python-requests/2.19.1", "Accept-Encoding": "gzip, deflate", "Accept": "*/*"}, "origin": "128.71.222.244", "id": 67}
{"url": "http://httpbin.org/stream/99", "args": {}, "headers": {"Host": "httpbin.org", "Connection": "close", "User-Agent": "python-requests/2.19.1", "Accept-Encoding": "gzip, deflate", "Accept": "*/*"}, "origin": "128.71.222.244", "id": 68}
{"url": "http://httpbin.org/stream/99", "args": {}, "headers": {"Host": "httpbin.org", "Connection": "close", "User-Agent": "python-requests/2.19.1", "Accept-Encoding": "gzip, deflate", "Accept": "*/*"}, "origin": "128.71.222.244", "id": 69}
{"url": "http://httpbin.org/stream/99", "args": {}, "headers": {"Host": "httpbin.org", "Connection": "close", "User-Agent": "python-requests/2.19.1", "Accept-Encoding": "gzip, deflate", "Accept": "*/*"}, "origin": "128.71.222.244", "id": 70}
{"url": "http://httpbin.org/stream/99", "args": {}, "headers": {"Host": "httpbin.org", "Connection": "close", "User-Agent": "python-requests/2.19.1", "Accept-Encoding": "gzip, deflate", "Accept": "*/*"}, "origin": "128.71.222.244", "id": 71}
{"url": "http://httpbin.org/stream/99", "args": {}, "headers": {"Host": "httpbin.org", "Connection": "close", "User-Agent": "python-requests/2.19.1", "Accept-Encoding": "gzip, deflate", "Accept": "*/*"}, "origin": "128.71.222.244", "id": 72}
{"url": "http://httpbin.org/stream/99", "args": {}, "headers": {"Host": "httpbin.org", "Connection": "close", "User-Agent": "python-requests/2.19.1", "Accept-Encoding": "gzip, deflate", "Accept": "*/*"}, "origin": "128.71.222.244", "id": 73}
{"url": "http://httpbin.org/stream/99", "args": {}, "headers": {"Host": "httpbin.org", "Connection": "close", "User-Agent": "python-requests/2.19.1", "Accept-Encoding": "gzip, deflate", "Accept": "*/*"}, "origin": "128.71.222.244", "id": 74}
{"url": "http://httpbin.org/stream/99", "args": {}, "headers": {"Host": "httpbin.org", "Connection": "close", "User-Agent": "python-requests/2.19.1", "Accept-Encoding": "gzip, deflate", "Accept": "*/*"}, "origin": "128.71.222.244", "id": 75}
{"url": "http://httpbin.org/stream/99", "args": {}, "headers": {"Host": "httpbin.org", "Connection": "close", "User-Agent": "python-requests/2.19.1", "Accept-Encoding": "gzip, deflate", "Accept": "*/*"}, "origin": "128.71.222.244", "id": 76}
{"url": "http://httpbin.org/stream/99", "args": {}, "headers": {"Host": "httpbin.org", "Connection": "close", "User-Agent": "python-requests/2.19.1", "Accept-Encoding": "gzip, deflate", "Accept": "*/*"}, "origin": "128.71.222.244", "id": 77}
{"url": "http://httpbin.org/stream/99", "args": {}, "headers": {"Host": "httpbin.org", "Connection": "close", "User-Agent": "python-requests/2.19.1", "Accept-Encoding": "gzip, deflate", "Accept": "*/*"}, "origin": "128.71.222.244", "id": 78}
{"url": "http://httpbin.org/stream/99", "args": {}, "headers": {"Host": "httpbin.org", "Connection": "close", "User-Agent": "python-requests/2.19.1", "Accept-Encoding": "gzip, deflate", "Accept": "*/*"}, "origin": "128.71.222.244", "id": 79}
{"url": "http://httpbin.org/stream/99", "args": {}, "headers": {"Host": "httpbin.org", "Connection": "close", "User-Agent": "python-requests/2.19.1", "Accept-Encoding": "gzip, deflate", "Accept": "*/*"}, "origin": "128.71.222.244", "id": 80}
{"url": "http://httpbin.org/stream/99", "args": {}, "headers": {"Host": "httpbin.org", "Connection": "close", "User-Agent": "python-requests/2.19.1", "Accept-Encoding": "gzip, deflate", "Accept": "*/*"}, "origin": "128.71.222.244", "id": 81}
{"url": "http://httpbin.org/stream/99", "args": {}, "headers": {"Host": "httpbin.org", "Connection": "close", "User-Agent": "python-requests/2.19.1", "Accept-Encoding": "gzip, deflate", "Accept": "*/*"}, "origin": "128.71.222.244", "id": 82}
{"url": "http://httpbin.org/stream/99", "args": {}, "headers": {"Host": "httpbin.org", "Connection": "close", "User-Agent": "python-requests/2.19.1", "Accept-Encoding": "gzip, deflate", "Accept": "*/*"}, "origin": "128.71.222.244", "id": 83}
{"url": "http://httpbin.org/stream/99", "args": {}, "headers": {"Host": "httpbin.org", "Connection": "close", "User-Agent": "python-requests/2.19.1", "Accept-Encoding": "gzip, deflate", "Accept": "*/*"}, "origin": "128.71.222.244", "id": 84}
{"url": "http://httpbin.org/stream/99", "args": {}, "headers": {"Host": "httpbin.org", "Connection": "close", "User-Agent": "python-requests/2.19.1", "Accept-Encoding": "gzip, deflate", "Accept": "*/*"}, "origin": "128.71.222.244", "id": 85}
{"url": "http://httpbin.org/stream/99", "args": {}, "headers": {"Host": "httpbin.org", "Connection": "close", "User-Agent": "python-requests/2.19.1", "Accept-Encoding": "gzip, deflate", "Accept": "*/*"}, "origin": "128.71.222.244", "id": 86}
{"url": "http://httpbin.org/stream/99", "args": {}, "headers": {"Host": "httpbin.org", "Connection": "close", "User-Agent": "python-requests/2.19.1", "Accept-Encoding": "gzip, deflate", "Accept": "*/*"}, "origin": "128.71.222.244", "id": 87}
{"url": "http://httpbin.org/stream/99", "args": {}, "headers": {"Host": "httpbin.org", "Connection": "close", "User-Agent": "python-requests/2.19.1", "Accept-Encoding": "gzip, deflate", "Accept": "*/*"}, "origin": "128.71.222.244", "id": 88}
{"url": "http://httpbin.org/stream/99", "args": {}, "headers": {"Host": "httpbin.org", "Connection": "close", "User-Agent": "python-requests/2.19.1", "Accept-Encoding": "gzip, deflate", "Accept": "*/*"}, "origin": "128.71.222.244", "id": 89}
{"url": "http://httpbin.org/stream/99", "args": {}, "headers": {"Host": "httpbin.org", "Connection": "close", "User-Agent": "python-requests/2.19.1", "Accept-Encoding": "gzip, deflate", "Accept": "*/*"}, "origin": "128.71.222.244", "id": 90}
{"url": "http://httpbin.org/stream/99", "args": {}, "headers": {"Host": "httpbin.org", "Connection": "close", "User-Agent": "python-requests/2.19.1", "Accept-Encoding": "gzip, deflate", "Accept": "*/*"}, "origin": "128.71.222.244", "id": 91}
[...]
{"url": "http://httpbin.org/stream/10000000", "args": {}, "headers": {"Host": "httpbin.org", "Connection": "close", "User-Agent": "python-requests/2.19.1", "Accept-Encoding": "gzip, deflate", "Accept": "*/*"}, "origin": "128.71.222.244", "id": 97}
{"url": "http://httpbin.org/stream/10000000", "args": {}, "headers": {"Host": "httpbin.org", "Connection": "close", "User-Agent": "python-requests/2.19.1", "Accept-Encoding": "gzip, deflate", "Accept": "*/*"}, "origin": "128.71.222.244", "id": 98}
{"url": "http://httpbin.org/stream/10000000", "args": {}, "headers": {"Host": "httpbin.org", "Connection": "close", "User-Agent": "python-requests/2.19.1", "Accept-Encoding": "gzip, deflate", "Accept": "*/*"}, "origin": "128.71.222.244", "id": 99}
</msg>
<msg timestamp="20180807 23:29:40.168" level="TRACE">Return: (200, 100)</msg>
<msg timestamp="20180807 23:29:40.168" level="INFO">${status} = 200</msg>
<msg timestamp="20180807 23:29:40.168" level="INFO">${result} = 100</msg>
<status status="PASS" starttime="20180807 23:29:39.667" endtime="20180807 23:29:40.168"></status>
</kw>
<kw name="Run Keyword If" library="BuiltIn">
<doc>Runs the given keyword with the given arguments, if ``condition`` is true.</doc>
<arguments>
<arg>${status} == ${OK}</arg>
<arg>Should Be Equal As Integers</arg>
<arg>${result}</arg>
<arg>${expected_number_of_lines}</arg>
</arguments>
<msg timestamp="20180807 23:29:40.169" level="TRACE">Arguments: [ '200 == 200' | 'Should Be Equal As Integers' | '${result}' | '${expected_number_of_lines}' ]</msg>
<kw name="Should Be Equal As Integers" library="BuiltIn">
<doc>Fails if objects are unequal after converting them to integers.</doc>
<arguments>
<arg>${result}</arg>
<arg>${expected_number_of_lines}</arg>
</arguments>
<msg timestamp="20180807 23:29:40.169" level="TRACE">Arguments: [ 100 | '100' ]</msg>
<msg timestamp="20180807 23:29:40.169" level="INFO">Argument types are:
&lt;class 'int'&gt;
&lt;type 'unicode'&gt;</msg>
<msg timestamp="20180807 23:29:40.169" level="TRACE">Return: None</msg>
<status status="PASS" starttime="20180807 23:29:40.169" endtime="20180807 23:29:40.169"></status>
</kw>
<msg timestamp="20180807 23:29:40.169" level="TRACE">Return: None</msg>
<status status="PASS" starttime="20180807 23:29:40.169" endtime="20180807 23:29:40.170"></status>
</kw>
<msg timestamp="20180807 23:29:40.170" level="TRACE">Return: None</msg>
<status status="PASS" starttime="20180807 23:29:39.666" endtime="20180807 23:29:40.170"></status>
</kw>
<status status="PASS" starttime="20180807 23:29:36.421" endtime="20180807 23:29:40.170" critical="yes"></status>
</test>
<test id="s1-s3-t2" name="Failed Stream Check">
<kw name="Check If Given Argument Raises Error">
<doc>Проверка, вернет ли запрос код возврата ошибки при некорректном аргументе</doc>
<arguments>
<arg>-1</arg>
</arguments>
<msg timestamp="20180807 23:29:40.170" level="TRACE">Arguments: [ ${parameter}='-1' ]</msg>
<kw name="Stream" library="test_lib">
<doc>"Get min(n, 100) lines in response body. Returns status code and</doc>
<arguments>
<arg>${parameter}</arg>
</arguments>
<assign>
<var>${status}</var>
<var>${result}</var>
</assign>
<msg timestamp="20180807 23:29:40.171" level="TRACE">Arguments: [ '-1' ]</msg>
<msg timestamp="20180807 23:29:40.172" level="DEBUG">Starting new HTTP connection (1): httpbin.org:80</msg>
<msg timestamp="20180807 23:29:40.498" level="DEBUG">http://httpbin.org:80 "GET /stream/-1 HTTP/1.1" 404 233</msg>
<msg timestamp="20180807 23:29:40.499" level="TRACE">Status code: &lt;urllib3.response.HTTPResponse object at 0x000001BEF3673630&gt;</msg>
<msg timestamp="20180807 23:29:40.499" level="DEBUG">Headers:
{'Connection': 'keep-alive', 'Server': 'gunicorn/19.9.0', 'Date': 'Tue, 07 Aug 2018 20:29:40 GMT', 'Content-Type': 'text/html', 'Content-Length': '233', 'Access-Control-Allow-Origin': '*', 'Access-Control-Allow-Credentials': 'true', 'Via': '1.1 vegur'}</msg>
<msg timestamp="20180807 23:29:40.499" level="INFO">Response body:
&lt;!DOCTYPE HTML PUBLIC "-//W3C//DTD HTML 3.2 Final//EN"&gt;
&lt;title&gt;404 Not Found&lt;/title&gt;
&lt;h1&gt;Not Found&lt;/h1&gt;
&lt;p&gt;The requested URL was not found on the server.  If you entered the URL manually please check your spelling and try again.&lt;/p&gt;
</msg>
<msg timestamp="20180807 23:29:40.499" level="TRACE">Return: (404, 4)</msg>
<msg timestamp="20180807 23:29:40.499" level="INFO">${status} = 404</msg>
<msg timestamp="20180807 23:29:40.499" level="INFO">${result} = 4</msg>
<status status="PASS" starttime="20180807 23:29:40.171" endtime="20180807 23:29:40.499"></status>
</kw>
<kw name="Should Not Be Equal As Integers" library="BuiltIn">
<doc>Fails if objects are equal after converting them to integers.</doc>
<arguments>
<arg>${status}</arg>
<arg>${OK}</arg>
</arguments>
<msg timestamp="20180807 23:29:40.500" level="TRACE">Arguments: [ 404 | '200' ]</msg>
<msg timestamp="20180807 23:29:40.500" level="INFO">Argument types are:
&lt;class 'int'&gt;
&lt;type 'unicode'&gt;</msg>
<msg timestamp="20180807 23:29:40.500" level="TRACE">Return: None</msg>
<status status="PASS" starttime="20180807 23:29:40.499" endtime="20180807 23:29:40.500"></status>
</kw>
<msg timestamp="20180807 23:29:40.500" level="TRACE">Return: None</msg>
<status status="PASS" starttime="20180807 23:29:40.170" endtime="20180807 23:29:40.500"></status>
</kw>
<kw name="Check If Given Argument Raises Error">
<doc>Проверка, вернет ли запрос код возврата ошибки при некорректном аргументе</doc>
<arguments>
<arg>1.0</arg>
</arguments>
<msg timestamp="20180807 23:29:40.500" level="TRACE">Arguments: [ ${parameter}='1.0' ]</msg>
<kw name="Stream" library="test_lib">
<doc>"Get min(n, 100) lines in response body. Returns status code and</doc>
<arguments>
<arg>${parameter}</arg>
</arguments>
<assign>
<var>${status}</var>
<var>${result}</var>
</assign>
<msg timestamp="20180807 23:29:40.501" level="TRACE">Arguments: [ '1.0' ]</msg>
<msg timestamp="20180807 23:29:40.502" level="DEBUG">Starting new HTTP connection (1): httpbin.org:80</msg>
<msg timestamp="20180807 23:29:40.817" level="DEBUG">http://httpbin.org:80 "GET /stream/1.0 HTTP/1.1" 404 233</msg>
<msg timestamp="20180807 23:29:40.818" level="TRACE">Status code: &lt;urllib3.response.HTTPResponse object at 0x000001BEF35DB080&gt;</msg>
<msg timestamp="20180807 23:29:40.818" level="DEBUG">Headers:
{'Connection': 'keep-alive', 'Server': 'gunicorn/19.9.0', 'Date': 'Tue, 07 Aug 2018 20:29:40 GMT', 'Content-Type': 'text/html', 'Content-Length': '233', 'Access-Control-Allow-Origin': '*', 'Access-Control-Allow-Credentials': 'true', 'Via': '1.1 vegur'}</msg>
<msg timestamp="20180807 23:29:40.818" level="INFO">Response body:
&lt;!DOCTYPE HTML PUBLIC "-//W3C//DTD HTML 3.2 Final//EN"&gt;
&lt;title&gt;404 Not Found&lt;/title&gt;
&lt;h1&gt;Not Found&lt;/h1&gt;
&lt;p&gt;The requested URL was not found on the server.  If you entered the URL manually please check your spelling and try again.&lt;/p&gt;
</msg>
<msg timestamp="20180807 23:29:40.818" level="TRACE">Return: (404, 4)</msg>
<msg timestamp="20180807 23:29:40.818" level="INFO">${status} = 404</msg>
<msg timestamp="20180807 23:29:40.818" level="INFO">${result} = 4</msg>
<status status="PASS" starttime="20180807 23:29:40.500" endtime="20180807 23:29:40.818"></status>
</kw>
<kw name="Should Not Be Equal As Integers" library="BuiltIn">
<doc>Fails if objects are equal after converting them to integers.</doc>
<arguments>
<arg>${status}</arg>
<arg>${OK}</arg>
</arguments>
<msg timestamp="20180807 23:29:40.819" level="TRACE">Arguments: [ 404 | '200' ]</msg>
<msg timestamp="20180807 23:29:40.819" level="INFO">Argument types are:
&lt;class 'int'&gt;
&lt;type 'unicode'&gt;</msg>
<msg timestamp="20180807 23:29:40.819" level="TRACE">Return: None</msg>
<status status="PASS" starttime="20180807 23:29:40.818" endtime="20180807 23:29:40.819"></status>
</kw>
<msg timestamp="20180807 23:29:40.819" level="TRACE">Return: None</msg>
<status status="PASS" starttime="20180807 23:29:40.500" endtime="20180807 23:29:40.819"></status>
</kw>
<kw name="Check If Given Argument Raises Error">
<doc>Проверка, вернет ли запрос код возврата ошибки при некорректном аргументе</doc>
<arguments>
<arg>-2.2</arg>
</arguments>
<msg timestamp="20180807 23:29:40.819" level="TRACE">Arguments: [ ${parameter}='-2.2' ]</msg>
<kw name="Stream" library="test_lib">
<doc>"Get min(n, 100) lines in response body. Returns status code and</doc>
<arguments>
<arg>${parameter}</arg>
</arguments>
<assign>
<var>${status}</var>
<var>${result}</var>
</assign>
<msg timestamp="20180807 23:29:40.819" level="TRACE">Arguments: [ '-2.2' ]</msg>
<msg timestamp="20180807 23:29:40.821" level="DEBUG">Starting new HTTP connection (1): httpbin.org:80</msg>
<msg timestamp="20180807 23:29:41.142" level="DEBUG">http://httpbin.org:80 "GET /stream/-2.2 HTTP/1.1" 404 233</msg>
<msg timestamp="20180807 23:29:41.142" level="TRACE">Status code: &lt;urllib3.response.HTTPResponse object at 0x000001BEF3673240&gt;</msg>
<msg timestamp="20180807 23:29:41.142" level="DEBUG">Headers:
{'Connection': 'keep-alive', 'Server': 'gunicorn/19.9.0', 'Date': 'Tue, 07 Aug 2018 20:29:41 GMT', 'Content-Type': 'text/html', 'Content-Length': '233', 'Access-Control-Allow-Origin': '*', 'Access-Control-Allow-Credentials': 'true', 'Via': '1.1 vegur'}</msg>
<msg timestamp="20180807 23:29:41.142" level="INFO">Response body:
&lt;!DOCTYPE HTML PUBLIC "-//W3C//DTD HTML 3.2 Final//EN"&gt;
&lt;title&gt;404 Not Found&lt;/title&gt;
&lt;h1&gt;Not Found&lt;/h1&gt;
&lt;p&gt;The requested URL was not found on the server.  If you entered the URL manually please check your spelling and try again.&lt;/p&gt;
</msg>
<msg timestamp="20180807 23:29:41.142" level="TRACE">Return: (404, 4)</msg>
<msg timestamp="20180807 23:29:41.143" level="INFO">${status} = 404</msg>
<msg timestamp="20180807 23:29:41.143" level="INFO">${result} = 4</msg>
<status status="PASS" starttime="20180807 23:29:40.819" endtime="20180807 23:29:41.143"></status>
</kw>
<kw name="Should Not Be Equal As Integers" library="BuiltIn">
<doc>Fails if objects are equal after converting them to integers.</doc>
<arguments>
<arg>${status}</arg>
<arg>${OK}</arg>
</arguments>
<msg timestamp="20180807 23:29:41.143" level="TRACE">Arguments: [ 404 | '200' ]</msg>
<msg timestamp="20180807 23:29:41.143" level="INFO">Argument types are:
&lt;class 'int'&gt;
&lt;type 'unicode'&gt;</msg>
<msg timestamp="20180807 23:29:41.143" level="TRACE">Return: None</msg>
<status status="PASS" starttime="20180807 23:29:41.143" endtime="20180807 23:29:41.143"></status>
</kw>
<msg timestamp="20180807 23:29:41.143" level="TRACE">Return: None</msg>
<status status="PASS" starttime="20180807 23:29:40.819" endtime="20180807 23:29:41.143"></status>
</kw>
<kw name="Check If Given Argument Raises Error">
<doc>Проверка, вернет ли запрос код возврата ошибки при некорректном аргументе</doc>
<arguments>
<arg>a</arg>
</arguments>
<msg timestamp="20180807 23:29:41.144" level="TRACE">Arguments: [ ${parameter}='a' ]</msg>
<kw name="Stream" library="test_lib">
<doc>"Get min(n, 100) lines in response body. Returns status code and</doc>
<arguments>
<arg>${parameter}</arg>
</arguments>
<assign>
<var>${status}</var>
<var>${result}</var>
</assign>
<msg timestamp="20180807 23:29:41.144" level="TRACE">Arguments: [ 'a' ]</msg>
<msg timestamp="20180807 23:29:41.145" level="DEBUG">Starting new HTTP connection (1): httpbin.org:80</msg>
<msg timestamp="20180807 23:29:41.478" level="DEBUG">http://httpbin.org:80 "GET /stream/a HTTP/1.1" 404 233</msg>
<msg timestamp="20180807 23:29:41.479" level="TRACE">Status code: &lt;urllib3.response.HTTPResponse object at 0x000001BEF207B8D0&gt;</msg>
<msg timestamp="20180807 23:29:41.479" level="DEBUG">Headers:
{'Connection': 'keep-alive', 'Server': 'gunicorn/19.9.0', 'Date': 'Tue, 07 Aug 2018 20:29:41 GMT', 'Content-Type': 'text/html', 'Content-Length': '233', 'Access-Control-Allow-Origin': '*', 'Access-Control-Allow-Credentials': 'true', 'Via': '1.1 vegur'}</msg>
<msg timestamp="20180807 23:29:41.479" level="INFO">Response body:
&lt;!DOCTYPE HTML PUBLIC "-//W3C//DTD HTML 3.2 Final//EN"&gt;
&lt;title&gt;404 Not Found&lt;/title&gt;
&lt;h1&gt;Not Found&lt;/h1&gt;
&lt;p&gt;The requested URL was not found on the server.  If you entered the URL manually please check your spelling and try again.&lt;/p&gt;
</msg>
<msg timestamp="20180807 23:29:41.479" level="TRACE">Return: (404, 4)</msg>
<msg timestamp="20180807 23:29:41.479" level="INFO">${status} = 404</msg>
<msg timestamp="20180807 23:29:41.479" level="INFO">${result} = 4</msg>
<status status="PASS" starttime="20180807 23:29:41.144" endtime="20180807 23:29:41.479"></status>
</kw>
<kw name="Should Not Be Equal As Integers" library="BuiltIn">
<doc>Fails if objects are equal after converting them to integers.</doc>
<arguments>
<arg>${status}</arg>
<arg>${OK}</arg>
</arguments>
<msg timestamp="20180807 23:29:41.480" level="TRACE">Arguments: [ 404 | '200' ]</msg>
<msg timestamp="20180807 23:29:41.480" level="INFO">Argument types are:
&lt;class 'int'&gt;
&lt;type 'unicode'&gt;</msg>
<msg timestamp="20180807 23:29:41.480" level="TRACE">Return: None</msg>
<status status="PASS" starttime="20180807 23:29:41.479" endtime="20180807 23:29:41.480"></status>
</kw>
<msg timestamp="20180807 23:29:41.480" level="TRACE">Return: None</msg>
<status status="PASS" starttime="20180807 23:29:41.144" endtime="20180807 23:29:41.480"></status>
</kw>
<kw name="Check If Given Argument Raises Error">
<doc>Проверка, вернет ли запрос код возврата ошибки при некорректном аргументе</doc>
<arguments>
<arg>99a</arg>
</arguments>
<msg timestamp="20180807 23:29:41.480" level="TRACE">Arguments: [ ${parameter}='99a' ]</msg>
<kw name="Stream" library="test_lib">
<doc>"Get min(n, 100) lines in response body. Returns status code and</doc>
<arguments>
<arg>${parameter}</arg>
</arguments>
<assign>
<var>${status}</var>
<var>${result}</var>
</assign>
<msg timestamp="20180807 23:29:41.481" level="TRACE">Arguments: [ '99a' ]</msg>
<msg timestamp="20180807 23:29:41.482" level="DEBUG">Starting new HTTP connection (1): httpbin.org:80</msg>
<msg timestamp="20180807 23:29:41.826" level="DEBUG">http://httpbin.org:80 "GET /stream/99a HTTP/1.1" 404 233</msg>
<msg timestamp="20180807 23:29:41.827" level="TRACE">Status code: &lt;urllib3.response.HTTPResponse object at 0x000001BEF368CE80&gt;</msg>
<msg timestamp="20180807 23:29:41.827" level="DEBUG">Headers:
{'Connection': 'keep-alive', 'Server': 'gunicorn/19.9.0', 'Date': 'Tue, 07 Aug 2018 20:29:41 GMT', 'Content-Type': 'text/html', 'Content-Length': '233', 'Access-Control-Allow-Origin': '*', 'Access-Control-Allow-Credentials': 'true', 'Via': '1.1 vegur'}</msg>
<msg timestamp="20180807 23:29:41.827" level="INFO">Response body:
&lt;!DOCTYPE HTML PUBLIC "-//W3C//DTD HTML 3.2 Final//EN"&gt;
&lt;title&gt;404 Not Found&lt;/title&gt;
&lt;h1&gt;Not Found&lt;/h1&gt;
&lt;p&gt;The requested URL was not found on the server.  If you entered the URL manually please check your spelling and try again.&lt;/p&gt;
</msg>
<msg timestamp="20180807 23:29:41.827" level="TRACE">Return: (404, 4)</msg>
<msg timestamp="20180807 23:29:41.828" level="INFO">${status} = 404</msg>
<msg timestamp="20180807 23:29:41.828" level="INFO">${result} = 4</msg>
<status status="PASS" starttime="20180807 23:29:41.480" endtime="20180807 23:29:41.828"></status>
</kw>
<kw name="Should Not Be Equal As Integers" library="BuiltIn">
<doc>Fails if objects are equal after converting them to integers.</doc>
<arguments>
<arg>${status}</arg>
<arg>${OK}</arg>
</arguments>
<msg timestamp="20180807 23:29:41.828" level="TRACE">Arguments: [ 404 | '200' ]</msg>
<msg timestamp="20180807 23:29:41.828" level="INFO">Argument types are:
&lt;class 'int'&gt;
&lt;type 'unicode'&gt;</msg>
<msg timestamp="20180807 23:29:41.828" level="TRACE">Return: None</msg>
<status status="PASS" starttime="20180807 23:29:41.828" endtime="20180807 23:29:41.828"></status>
</kw>
<msg timestamp="20180807 23:29:41.828" level="TRACE">Return: None</msg>
<status status="PASS" starttime="20180807 23:29:41.480" endtime="20180807 23:29:41.828"></status>
</kw>
<kw name="Check If Given Argument Raises Error">
<doc>Проверка, вернет ли запрос код возврата ошибки при некорректном аргументе</doc>
<arguments>
<arg>a99</arg>
</arguments>
<msg timestamp="20180807 23:29:41.829" level="TRACE">Arguments: [ ${parameter}='a99' ]</msg>
<kw name="Stream" library="test_lib">
<doc>"Get min(n, 100) lines in response body. Returns status code and</doc>
<arguments>
<arg>${parameter}</arg>
</arguments>
<assign>
<var>${status}</var>
<var>${result}</var>
</assign>
<msg timestamp="20180807 23:29:41.829" level="TRACE">Arguments: [ 'a99' ]</msg>
<msg timestamp="20180807 23:29:41.830" level="DEBUG">Starting new HTTP connection (1): httpbin.org:80</msg>
<msg timestamp="20180807 23:29:42.171" level="DEBUG">http://httpbin.org:80 "GET /stream/a99 HTTP/1.1" 404 233</msg>
<msg timestamp="20180807 23:29:42.171" level="TRACE">Status code: &lt;urllib3.response.HTTPResponse object at 0x000001BEF3673128&gt;</msg>
<msg timestamp="20180807 23:29:42.171" level="DEBUG">Headers:
{'Connection': 'keep-alive', 'Server': 'gunicorn/19.9.0', 'Date': 'Tue, 07 Aug 2018 20:29:42 GMT', 'Content-Type': 'text/html', 'Content-Length': '233', 'Access-Control-Allow-Origin': '*', 'Access-Control-Allow-Credentials': 'true', 'Via': '1.1 vegur'}</msg>
<msg timestamp="20180807 23:29:42.171" level="INFO">Response body:
&lt;!DOCTYPE HTML PUBLIC "-//W3C//DTD HTML 3.2 Final//EN"&gt;
&lt;title&gt;404 Not Found&lt;/title&gt;
&lt;h1&gt;Not Found&lt;/h1&gt;
&lt;p&gt;The requested URL was not found on the server.  If you entered the URL manually please check your spelling and try again.&lt;/p&gt;
</msg>
<msg timestamp="20180807 23:29:42.171" level="TRACE">Return: (404, 4)</msg>
<msg timestamp="20180807 23:29:42.172" level="INFO">${status} = 404</msg>
<msg timestamp="20180807 23:29:42.172" level="INFO">${result} = 4</msg>
<status status="PASS" starttime="20180807 23:29:41.829" endtime="20180807 23:29:42.172"></status>
</kw>
<kw name="Should Not Be Equal As Integers" library="BuiltIn">
<doc>Fails if objects are equal after converting them to integers.</doc>
<arguments>
<arg>${status}</arg>
<arg>${OK}</arg>
</arguments>
<msg timestamp="20180807 23:29:42.172" level="TRACE">Arguments: [ 404 | '200' ]</msg>
<msg timestamp="20180807 23:29:42.172" level="INFO">Argument types are:
&lt;class 'int'&gt;
&lt;type 'unicode'&gt;</msg>
<msg timestamp="20180807 23:29:42.172" level="TRACE">Return: None</msg>
<status status="PASS" starttime="20180807 23:29:42.172" endtime="20180807 23:29:42.172"></status>
</kw>
<msg timestamp="20180807 23:29:42.172" level="TRACE">Return: None</msg>
<status status="PASS" starttime="20180807 23:29:41.828" endtime="20180807 23:29:42.172"></status>
</kw>
<status status="PASS" starttime="20180807 23:29:40.170" endtime="20180807 23:29:42.172" critical="yes"></status>
</test>
<doc>Проверка запроса /stream/:n</doc>
<status status="PASS" starttime="20180807 23:29:36.419" endtime="20180807 23:29:42.173"></status>
</suite>
<status status="PASS" starttime="20180807 23:29:32.340" endtime="20180807 23:29:42.174"></status>
</suite>
<statistics>
<total>
<stat pass="6" fail="0">Critical Tests</stat>
<stat pass="6" fail="0">All Tests</stat>
</total>
<tag>
</tag>
<suite>
<stat pass="6" fail="0" id="s1" name="Test Webservice">Test Webservice</stat>
<stat pass="2" fail="0" id="s1-s1" name="Auth">Test Webservice.Auth</stat>
<stat pass="2" fail="0" id="s1-s2" name="Get">Test Webservice.Get</stat>
<stat pass="2" fail="0" id="s1-s3" name="Stream">Test Webservice.Stream</stat>
</suite>
</statistics>
<errors>
</errors>
</robot>
